This file contains any messages produced by compilers while
running configure, to aid debugging if configure makes a mistake.

It was created by configure, which was
generated by GNU Autoconf 2.59.  Invocation command line was

  $ ./configure --prefix=/usr/local --prefix=/usr/local --cache-file=/dev/null --srcdir=. --cache-file=/dev/null --srcdir=.

## --------- ##
## Platform. ##
## --------- ##

hostname = haililihai-MintLinux
uname -m = x86_64
uname -r = 4.4.0-21-generic
uname -s = Linux
uname -v = #37-Ubuntu SMP Mon Apr 18 18:33:37 UTC 2016

/usr/bin/uname -p = unknown
/bin/uname -X     = unknown

/bin/arch              = unknown
/usr/bin/arch -k       = unknown
/usr/convex/getsysinfo = unknown
hostinfo               = unknown
/bin/machine           = unknown
/usr/bin/oslevel       = unknown
/bin/universe          = unknown

PATH: /usr/local/sbin
PATH: /usr/local/bin
PATH: /usr/sbin
PATH: /usr/bin
PATH: /sbin
PATH: /bin
PATH: /usr/games
PATH: /usr/local/games


## ----------- ##
## Core tests. ##
## ----------- ##

configure:1512: checking for gcc
configure:1528: found /usr/bin/gcc
configure:1538: result: gcc
configure:1782: checking for C compiler version
configure:1785: gcc --version </dev/null >&5
gcc (Ubuntu 5.4.0-6ubuntu1~16.04.4) 5.4.0 20160609
Copyright (C) 2015 Free Software Foundation, Inc.
This is free software; see the source for copying conditions.  There is NO
warranty; not even for MERCHANTABILITY or FITNESS FOR A PARTICULAR PURPOSE.

configure:1788: $? = 0
configure:1790: gcc -v </dev/null >&5
Using built-in specs.
COLLECT_GCC=gcc
COLLECT_LTO_WRAPPER=/usr/lib/gcc/x86_64-linux-gnu/5/lto-wrapper
Target: x86_64-linux-gnu
Configured with: ../src/configure -v --with-pkgversion='Ubuntu 5.4.0-6ubuntu1~16.04.4' --with-bugurl=file:///usr/share/doc/gcc-5/README.Bugs --enable-languages=c,ada,c++,java,go,d,fortran,objc,obj-c++ --prefix=/usr --program-suffix=-5 --enable-shared --enable-linker-build-id --libexecdir=/usr/lib --without-included-gettext --enable-threads=posix --libdir=/usr/lib --enable-nls --with-sysroot=/ --enable-clocale=gnu --enable-libstdcxx-debug --enable-libstdcxx-time=yes --with-default-libstdcxx-abi=new --enable-gnu-unique-object --disable-vtable-verify --enable-libmpx --enable-plugin --with-system-zlib --disable-browser-plugin --enable-java-awt=gtk --enable-gtk-cairo --with-java-home=/usr/lib/jvm/java-1.5.0-gcj-5-amd64/jre --enable-java-home --with-jvm-root-dir=/usr/lib/jvm/java-1.5.0-gcj-5-amd64 --with-jvm-jar-dir=/usr/lib/jvm-exports/java-1.5.0-gcj-5-amd64 --with-arch-directory=amd64 --with-ecj-jar=/usr/share/java/eclipse-ecj.jar --enable-objc-gc --enable-multiarch --disable-werror --with-arch-32=i686 --with-abi=m64 --with-multilib-list=m32,m64,mx32 --enable-multilib --with-tune=generic --enable-checking=release --build=x86_64-linux-gnu --host=x86_64-linux-gnu --target=x86_64-linux-gnu
Thread model: posix
gcc version 5.4.0 20160609 (Ubuntu 5.4.0-6ubuntu1~16.04.4) 
configure:1793: $? = 0
configure:1795: gcc -V </dev/null >&5
gcc: error: unrecognized command line option '-V'
gcc: fatal error: no input files
compilation terminated.
configure:1798: $? = 1
configure:1821: checking for C compiler default output file name
configure:1824: gcc    conftest.c  >&5
configure:1827: $? = 0
configure:1873: result: a.out
configure:1878: checking whether the C compiler works
configure:1884: ./a.out
configure:1887: $? = 0
configure:1904: result: yes
configure:1911: checking whether we are cross compiling
configure:1913: result: no
configure:1916: checking for suffix of executables
configure:1918: gcc -o conftest    conftest.c  >&5
configure:1921: $? = 0
configure:1946: result: 
configure:1952: checking for suffix of object files
configure:1973: gcc -c   conftest.c >&5
configure:1976: $? = 0
configure:1998: result: o
configure:2002: checking whether we are using the GNU C compiler
configure:2026: gcc -c   conftest.c >&5
configure:2032: $? = 0
configure:2036: test -z 
			 || test ! -s conftest.err
configure:2039: $? = 0
configure:2042: test -s conftest.o
configure:2045: $? = 0
configure:2058: result: yes
configure:2064: checking whether gcc accepts -g
configure:2085: gcc -c -g  conftest.c >&5
configure:2091: $? = 0
configure:2095: test -z 
			 || test ! -s conftest.err
configure:2098: $? = 0
configure:2101: test -s conftest.o
configure:2104: $? = 0
configure:2115: result: yes
configure:2132: checking for gcc option to accept ANSI C
configure:2202: gcc  -c -g -O2  conftest.c >&5
configure:2208: $? = 0
configure:2212: test -z 
			 || test ! -s conftest.err
configure:2215: $? = 0
configure:2218: test -s conftest.o
configure:2221: $? = 0
configure:2239: result: none needed
configure:2257: gcc -c -g -O2  conftest.c >&5
conftest.c:2:3: error: unknown type name 'choke'
   choke me
   ^
conftest.c:2:3: error: expected '=', ',', ';', 'asm' or '__attribute__' at end of input
configure:2263: $? = 1
configure: failed program was:
| #ifndef __cplusplus
|   choke me
| #endif
configure:2401: checking how to run the C preprocessor
configure:2436: gcc -E  conftest.c
configure:2442: $? = 0
configure:2474: gcc -E  conftest.c
conftest.c:9:28: fatal error: ac_nonexistent.h: No such file or directory
compilation terminated.
configure:2480: $? = 1
configure: failed program was:
| /* confdefs.h.  */
| 
| #define PACKAGE_NAME ""
| #define PACKAGE_TARNAME ""
| #define PACKAGE_VERSION ""
| #define PACKAGE_STRING ""
| #define PACKAGE_BUGREPORT ""
| /* end confdefs.h.  */
| #include <ac_nonexistent.h>
configure:2519: result: gcc -E
configure:2543: gcc -E  conftest.c
configure:2549: $? = 0
configure:2581: gcc -E  conftest.c
conftest.c:9:28: fatal error: ac_nonexistent.h: No such file or directory
compilation terminated.
configure:2587: $? = 1
configure: failed program was:
| /* confdefs.h.  */
| 
| #define PACKAGE_NAME ""
| #define PACKAGE_TARNAME ""
| #define PACKAGE_VERSION ""
| #define PACKAGE_STRING ""
| #define PACKAGE_BUGREPORT ""
| /* end confdefs.h.  */
| #include <ac_nonexistent.h>
configure:2632: checking for egrep
configure:2642: result: grep -E
configure:2648: checking whether gcc needs -traditional
configure:2690: result: no
configure:2698: checking whether using GNU C
configure:2725: result: yes
configure:2737: checking for underscore in external names
configure:2751: gcc -S conftest.c
configure:2754: $? = 0
configure:2764: result: no
configure:2779: checking for ranlib
configure:2795: found /usr/bin/ranlib
configure:2806: result: ranlib
configure:2813: checking whether make sets $(MAKE)
configure:2833: result: yes
configure:2852: checking for a BSD compatible install
configure:2899: result: /usr/bin/install -c
configure:2911: checking how to copy files
configure:2927: result: cp -p
configure:2931: checking how to make hard links
configure:2947: result: cp -p
configure:2960: checking build system type
configure:2978: result: x86_64-unknown-linux-gnu
configure:2986: checking host system type
configure:3000: result: x86_64-unknown-linux-gnu
configure:3231: checking for ld used by GCC
configure:3294: result: /usr/bin/ld
configure:3303: checking if the linker (/usr/bin/ld) is GNU ld
GNU ld (GNU Binutils for Ubuntu) 2.26.1
configure:3315: result: yes
configure:3320: checking for /usr/bin/ld option to reload object files
configure:3327: result: -r
configure:3332: checking for BSD-compatible nm
configure:3368: result: /usr/bin/nm -B
configure:3371: checking for a sed that does not truncate output
configure:3453: result: /bin/sed
configure:3456: checking whether ln -s works
configure:3472: result: yes
configure:3480: checking how to recognise dependent libraries
configure:3661: result: file_magic ELF [0-9][0-9]*-bit [LM]SB (shared object|dynamic lib )
configure:3673: checking command to parse /usr/bin/nm -B output
configure:3757: gcc -c -g -O2  conftest.c >&5
configure:3760: $? = 0
configure:3764: /usr/bin/nm -B conftest.o \| sed -n -e 's/^.*[ 	]\([ABCDGISTW][ABCDGISTW]*\)[ 	][ 	]*\(\)\([_A-Za-z][_A-Za-z0-9]*\)$/\1 \2\3 \3/p' \> conftest.nm
configure:3767: $? = 0
configure:3819: gcc -o conftest -g -O2   conftest.c conftstm.o >&5
configure:3822: $? = 0
configure:3866: result: ok
configure:3870: checking for ANSI C header files
configure:3895: gcc -c -g -O2  conftest.c >&5
configure:3901: $? = 0
configure:3905: test -z 
			 || test ! -s conftest.err
configure:3908: $? = 0
configure:3911: test -s conftest.o
configure:3914: $? = 0
configure:4003: gcc -o conftest -g -O2   conftest.c  >&5
conftest.c: In function 'main':
conftest.c:29:7: warning: implicit declaration of function 'exit' [-Wimplicit-function-declaration]
       exit(2);
       ^
conftest.c:29:7: warning: incompatible implicit declaration of built-in function 'exit'
conftest.c:29:7: note: include '<stdlib.h>' or provide a declaration of 'exit'
conftest.c:30:3: warning: incompatible implicit declaration of built-in function 'exit'
   exit (0);
   ^
conftest.c:30:3: note: include '<stdlib.h>' or provide a declaration of 'exit'
configure:4006: $? = 0
configure:4008: ./conftest
configure:4011: $? = 0
configure:4026: result: yes
configure:4050: checking for sys/types.h
configure:4066: gcc -c -g -O2  conftest.c >&5
configure:4072: $? = 0
configure:4076: test -z 
			 || test ! -s conftest.err
configure:4079: $? = 0
configure:4082: test -s conftest.o
configure:4085: $? = 0
configure:4096: result: yes
configure:4050: checking for sys/stat.h
configure:4066: gcc -c -g -O2  conftest.c >&5
configure:4072: $? = 0
configure:4076: test -z 
			 || test ! -s conftest.err
configure:4079: $? = 0
configure:4082: test -s conftest.o
configure:4085: $? = 0
configure:4096: result: yes
configure:4050: checking for stdlib.h
configure:4066: gcc -c -g -O2  conftest.c >&5
configure:4072: $? = 0
configure:4076: test -z 
			 || test ! -s conftest.err
configure:4079: $? = 0
configure:4082: test -s conftest.o
configure:4085: $? = 0
configure:4096: result: yes
configure:4050: checking for string.h
configure:4066: gcc -c -g -O2  conftest.c >&5
configure:4072: $? = 0
configure:4076: test -z 
			 || test ! -s conftest.err
configure:4079: $? = 0
configure:4082: test -s conftest.o
configure:4085: $? = 0
configure:4096: result: yes
configure:4050: checking for memory.h
configure:4066: gcc -c -g -O2  conftest.c >&5
configure:4072: $? = 0
configure:4076: test -z 
			 || test ! -s conftest.err
configure:4079: $? = 0
configure:4082: test -s conftest.o
configure:4085: $? = 0
configure:4096: result: yes
configure:4050: checking for strings.h
configure:4066: gcc -c -g -O2  conftest.c >&5
configure:4072: $? = 0
configure:4076: test -z 
			 || test ! -s conftest.err
configure:4079: $? = 0
configure:4082: test -s conftest.o
configure:4085: $? = 0
configure:4096: result: yes
configure:4050: checking for inttypes.h
configure:4066: gcc -c -g -O2  conftest.c >&5
configure:4072: $? = 0
configure:4076: test -z 
			 || test ! -s conftest.err
configure:4079: $? = 0
configure:4082: test -s conftest.o
configure:4085: $? = 0
configure:4096: result: yes
configure:4050: checking for stdint.h
configure:4066: gcc -c -g -O2  conftest.c >&5
configure:4072: $? = 0
configure:4076: test -z 
			 || test ! -s conftest.err
configure:4079: $? = 0
configure:4082: test -s conftest.o
configure:4085: $? = 0
configure:4096: result: yes
configure:4050: checking for unistd.h
configure:4066: gcc -c -g -O2  conftest.c >&5
configure:4072: $? = 0
configure:4076: test -z 
			 || test ! -s conftest.err
configure:4079: $? = 0
configure:4082: test -s conftest.o
configure:4085: $? = 0
configure:4096: result: yes
configure:4122: checking dlfcn.h usability
configure:4134: gcc -c -g -O2  conftest.c >&5
configure:4140: $? = 0
configure:4144: test -z 
			 || test ! -s conftest.err
configure:4147: $? = 0
configure:4150: test -s conftest.o
configure:4153: $? = 0
configure:4163: result: yes
configure:4167: checking dlfcn.h presence
configure:4177: gcc -E  conftest.c
configure:4183: $? = 0
configure:4203: result: yes
configure:4238: checking for dlfcn.h
configure:4245: result: yes
configure:4267: checking for file
configure:4322: result: /usr/bin/file
configure:4523: checking for strip
configure:4539: found /usr/bin/strip
configure:4550: result: strip
configure:4770: checking for objdir
configure:4781: result: .libs
configure:4798: checking for gcc option to produce PIC
configure:4944: result: -fPIC
configure:4948: checking if gcc PIC flag -fPIC works
configure:4971: gcc -c -g -O2 -fPIC -DPIC  conftest.c >&5
configure:4977: $? = 0
configure:4981: test -z 
			 || test ! -s conftest.err
configure:4984: $? = 0
configure:4987: test -s conftest.o
configure:4990: $? = 0
configure:5028: result: yes
configure:5044: checking if gcc static flag -static works
configure:5068: gcc -o conftest -g -O2   -static conftest.c  >&5
configure:5074: $? = 0
configure:5078: test -z 
			 || test ! -s conftest.err
configure:5081: $? = 0
configure:5084: test -s conftest
configure:5087: $? = 0
configure:5104: result: yes
configure:5116: checking if gcc supports -c -o file.o
configure:5136: gcc -c -g -O2 -o out/conftest2.o  conftest.c >&5
configure:5160: result: yes
configure:5165: checking if gcc supports -c -o file.lo
configure:5192: gcc -c -g -O2 -c -o conftest.lo  conftest.c >&5
configure:5198: $? = 0
configure:5202: test -z 
			 || test ! -s conftest.err
configure:5205: $? = 0
configure:5208: test -s conftest.lo
configure:5211: $? = 0
configure:5233: result: yes
configure:5264: checking if gcc supports -fno-rtti -fno-exceptions
configure:5286: gcc -c -g -O2 -fno-rtti -fno-exceptions -c conftest.c  conftest.c >&5
cc1: warning: command line option '-fno-rtti' is valid for C++/ObjC++ but not for C
cc1: warning: command line option '-fno-rtti' is valid for C++/ObjC++ but not for C
configure:5292: $? = 0
configure:5296: test -z 
			 || test ! -s conftest.err
configure:5299: $? = 0
configure:5302: test -s conftest.o
configure:5305: $? = 0
configure:5322: result: no
configure:5333: checking whether the linker (/usr/bin/ld) supports shared libraries
configure:6028: result: yes
configure:6033: checking how to hardcode library paths into programs
configure:6057: result: immediate
configure:6062: checking whether stripping libraries is possible
configure:6067: result: yes
configure:6078: checking dynamic linker characteristics
configure:6485: result: GNU/Linux ld.so
configure:6490: checking if libtool supports shared libraries
configure:6492: result: yes
configure:6495: checking whether to build shared libraries
configure:6516: result: no
configure:6519: checking whether to build static libraries
configure:6523: result: yes
configure:7887: checking for pcc non-reentrant struct return convention
configure:7918: gcc -o conftest -g -O2 -O0   conftest.c  >&5
conftest.c: In function 'main':
conftest.c:33:3: warning: implicit declaration of function 'exit' [-Wimplicit-function-declaration]
   exit(!(fooptr1 == fooptr2 && fooptr1->c == 5358));
   ^
conftest.c:33:3: warning: incompatible implicit declaration of built-in function 'exit'
conftest.c:33:3: note: include '<stdlib.h>' or provide a declaration of 'exit'
configure:7921: $? = 0
configure:7923: ./conftest
configure:7926: $? = 1
configure: program exited with status 1
configure: failed program was:
| /* confdefs.h.  */
| 
| #define PACKAGE_NAME ""
| #define PACKAGE_TARNAME ""
| #define PACKAGE_VERSION ""
| #define PACKAGE_STRING ""
| #define PACKAGE_BUGREPORT ""
| #ifndef __x86_64__
| #define __x86_64__ 1
| #endif
| #define STDC_HEADERS 1
| #define HAVE_SYS_TYPES_H 1
| #define HAVE_SYS_STAT_H 1
| #define HAVE_STDLIB_H 1
| #define HAVE_STRING_H 1
| #define HAVE_MEMORY_H 1
| #define HAVE_STRINGS_H 1
| #define HAVE_INTTYPES_H 1
| #define HAVE_STDINT_H 1
| #define HAVE_UNISTD_H 1
| #define HAVE_DLFCN_H 1
| /* end confdefs.h.  */
| typedef struct { int a; int b; int c; int d; int e; } foo;
| foo foofun () { static foo foopi = {3141,5926,5358,9793,2385}; return foopi; }
| foo* (*fun) () = (foo* (*) ()) foofun;
| int main()
| { foo foo1;
|   foo* fooptr1;
|   foo foo2;
|   foo* fooptr2;
|   foo1 = foofun(); fooptr1 = (*fun)(&foo1);
|   foo2 = foofun(); fooptr2 = (*fun)(&foo2);
|   exit(!(fooptr1 == fooptr2 && fooptr1->c == 5358));
| }
configure:7943: result: no
configure:7953: checking whether small structs are returned in registers
configure:7978: gcc -o conftest -g -O2   conftest.c  >&5
conftest.c: In function 'main':
conftest.c:27:31: warning: implicit declaration of function 'exit' [-Wimplicit-function-declaration]
 { y = 37; if ((*fun)() != 37) exit(1);
                               ^
conftest.c:27:31: warning: incompatible implicit declaration of built-in function 'exit'
conftest.c:27:31: note: include '<stdlib.h>' or provide a declaration of 'exit'
conftest.c:28:31: warning: incompatible implicit declaration of built-in function 'exit'
   y = 55; if ((*fun)() != 55) exit(1);
                               ^
conftest.c:28:31: note: include '<stdlib.h>' or provide a declaration of 'exit'
conftest.c:29:3: warning: incompatible implicit declaration of built-in function 'exit'
   exit(0);
   ^
conftest.c:29:3: note: include '<stdlib.h>' or provide a declaration of 'exit'
configure:7981: $? = 0
configure:7983: ./conftest
configure:7986: $? = 0
configure:8002: result: yes
configure:8012: checking whether floats are returned in integer registers
configure:8036: gcc -o conftest -g -O2   conftest.c  >&5
conftest.c: In function 'main':
conftest.c:28:13: warning: function called through a non-compatible type
 { int val = (* (int (*) ()) fun) ();
             ^
conftest.c:29:3: warning: implicit declaration of function 'exit' [-Wimplicit-function-declaration]
   exit (!(val == 0x3FC7AE15 || val == 0x15AEC73F));
   ^
conftest.c:29:3: warning: incompatible implicit declaration of built-in function 'exit'
conftest.c:29:3: note: include '<stdlib.h>' or provide a declaration of 'exit'
configure:8039: $? = 0
configure:8041: ./conftest
configure:8044: $? = 1
configure: program exited with status 1
configure: failed program was:
| /* confdefs.h.  */
| 
| #define PACKAGE_NAME ""
| #define PACKAGE_TARNAME ""
| #define PACKAGE_VERSION ""
| #define PACKAGE_STRING ""
| #define PACKAGE_BUGREPORT ""
| #ifndef __x86_64__
| #define __x86_64__ 1
| #endif
| #define STDC_HEADERS 1
| #define HAVE_SYS_TYPES_H 1
| #define HAVE_SYS_STAT_H 1
| #define HAVE_STDLIB_H 1
| #define HAVE_STRING_H 1
| #define HAVE_MEMORY_H 1
| #define HAVE_STRINGS_H 1
| #define HAVE_INTTYPES_H 1
| #define HAVE_STDINT_H 1
| #define HAVE_UNISTD_H 1
| #define HAVE_DLFCN_H 1
| #define __SMALL_STRUCT_RETURN__ 1
| /* end confdefs.h.  */
| float x = (float)1.2;
| float y = (float)1.3;
| float fun () { return x*y; }
| int main()
| { int val = (* (int (*) ()) fun) ();
|   exit (!(val == 0x3FC7AE15 || val == 0x15AEC73F));
| }
configure:8060: result: no
configure:8070: checking for long long type
configure:8101: gcc -o conftest -g -O2   conftest.c  >&5
conftest.c: In function 'main':
conftest.c:35:5: warning: implicit declaration of function 'exit' [-Wimplicit-function-declaration]
     exit(!(((long long) x)*((long long) y)>>32 == z));
     ^
conftest.c:35:5: warning: incompatible implicit declaration of built-in function 'exit'
conftest.c:35:5: note: include '<stdlib.h>' or provide a declaration of 'exit'
configure:8104: $? = 0
configure:8106: ./conftest
configure:8109: $? = 0
configure:8124: result: yes
configure:8136: checking whether char is unsigned
configure:8159: gcc -c -g -O2  conftest.c >&5
configure:8165: $? = 0
configure:8169: test -z 
			 || test ! -s conftest.err
configure:8172: $? = 0
configure:8175: test -s conftest.o
configure:8178: $? = 0
configure:8189: result: no
configure:8294: creating ./config.status

## ---------------------- ##
## Running config.status. ##
## ---------------------- ##

This file was extended by config.status, which was
generated by GNU Autoconf 2.59.  Invocation command line was

  CONFIG_FILES    = 
  CONFIG_HEADERS  = 
  CONFIG_LINKS    = 
  CONFIG_COMMANDS = 
  $ ./config.status 

on haililihai-MintLinux

config.status:666: creating Makefile
config.status:769: creating vacall_r.h
config.status:769: creating config.h

## ---------------- ##
## Cache variables. ##
## ---------------- ##

ac_cv_build=x86_64-unknown-linux-gnu
ac_cv_build_alias=x86_64-unknown-linux-gnu
ac_cv_c_char_unsigned=no
ac_cv_c_compiler_gnu=yes
ac_cv_env_CC_set=
ac_cv_env_CC_value=
ac_cv_env_CFLAGS_set=
ac_cv_env_CFLAGS_value=
ac_cv_env_CPPFLAGS_set=
ac_cv_env_CPPFLAGS_value=
ac_cv_env_CPP_set=
ac_cv_env_CPP_value=
ac_cv_env_LDFLAGS_set=
ac_cv_env_LDFLAGS_value=
ac_cv_env_build_alias_set=
ac_cv_env_build_alias_value=
ac_cv_env_host_alias_set=
ac_cv_env_host_alias_value=
ac_cv_env_target_alias_set=
ac_cv_env_target_alias_value=
ac_cv_exeext=
ac_cv_header_dlfcn_h=yes
ac_cv_header_inttypes_h=yes
ac_cv_header_memory_h=yes
ac_cv_header_stdc=yes
ac_cv_header_stdint_h=yes
ac_cv_header_stdlib_h=yes
ac_cv_header_string_h=yes
ac_cv_header_strings_h=yes
ac_cv_header_sys_stat_h=yes
ac_cv_header_sys_types_h=yes
ac_cv_header_unistd_h=yes
ac_cv_host=x86_64-unknown-linux-gnu
ac_cv_host_alias=x86_64-unknown-linux-gnu
ac_cv_objext=o
ac_cv_prog_CPP='gcc -E'
ac_cv_prog_RANLIB=ranlib
ac_cv_prog_ac_ct_CC=gcc
ac_cv_prog_ac_ct_STRIP=strip
ac_cv_prog_cc_g=yes
ac_cv_prog_cc_stdc=
ac_cv_prog_egrep='grep -E'
ac_cv_prog_gcc_traditional=no
ac_cv_prog_make_make_set=yes
cl_cv_c_float_return_ireg=no
cl_cv_c_longlong=yes
cl_cv_c_struct_return_small=yes
cl_cv_c_struct_return_static=no
cl_cv_path_install='/usr/bin/install -c'
cl_cv_prog_LN='cp -p'
cl_cv_prog_LN_S='ln -s'
cl_cv_prog_as_underscore=no
cl_cv_prog_cc_gcc=yes
cl_cv_prog_cp='cp -p'
lt_cv_compiler_c_o=yes
lt_cv_compiler_o_lo=yes
lt_cv_deplibs_check_method='file_magic ELF [0-9][0-9]*-bit [LM]SB (shared object|dynamic lib )'
lt_cv_file_magic_cmd='$MAGIC_CMD'
lt_cv_file_magic_test_file='/lib/libc.so* /lib/libc-*.so'
lt_cv_global_symbol_to_c_name_address='sed -n -e '\''s/^: \([^ ]*\) $/  {\"\1\", (lt_ptr) 0},/p'\'' -e '\''s/^[BCDEGRST] \([^ ]*\) \([^ ]*\)$/  {"\2", (lt_ptr) \&\2},/p'\'''
lt_cv_global_symbol_to_cdecl='sed -n -e '\''s/^. .* \(.*\)$/extern char \1;/p'\'''
lt_cv_ld_reload_flag=-r
lt_cv_path_LD=/usr/bin/ld
lt_cv_path_MAGIC_CMD=/usr/bin/file
lt_cv_path_NM='/usr/bin/nm -B'
lt_cv_path_SED=/bin/sed
lt_cv_prog_cc_can_build_shared=yes
lt_cv_prog_cc_no_builtin=
lt_cv_prog_cc_pic=' -fPIC'
lt_cv_prog_cc_pic_works=yes
lt_cv_prog_cc_shlib=
lt_cv_prog_cc_static=-static
lt_cv_prog_cc_static_works=yes
lt_cv_prog_cc_wl=-Wl,
lt_cv_prog_gnu_ld=yes
lt_cv_sys_global_symbol_pipe='sed -n -e '\''s/^.*[ 	]\([ABCDGISTW][ABCDGISTW]*\)[ 	][ 	]*\(\)\([_A-Za-z][_A-Za-z0-9]*\)$/\1 \2\3 \3/p'\'''

## ----------------- ##
## Output variables. ##
## ----------------- ##

AS_UNDERSCORE='false'
CC='gcc'
CC_GCC='true'
CFLAGS='-g -O2'
CP='cp -p'
CPP='gcc -E'
CPPFLAGS=''
DEFS='-DHAVE_CONFIG_H'
ECHO='echo'
ECHO_C=''
ECHO_N='-n'
ECHO_T=''
EGREP='grep -E'
EXEEXT=''
GCC_X_NONE='-x none'
INSTALL='/usr/bin/install -c'
INSTALL_DATA='$(INSTALL) -m 644'
INSTALL_PROGRAM='$(INSTALL)'
LDFLAGS=''
LIBOBJS=''
LIBS=''
LIBTOOL='$(SHELL) $(top_builddir)/libtool'
LN='cp -p'
LN_S='ln -s'
LTLIBOBJS=''
OBJEXT='o'
PACKAGE_BUGREPORT=''
PACKAGE_NAME=''
PACKAGE_STRING=''
PACKAGE_TARNAME=''
PACKAGE_VERSION=''
PATH_SEPARATOR=':'
RANLIB='ranlib'
SET_MAKE=''
SHELL='/bin/bash'
STRIP='strip'
ac_ct_CC='gcc'
ac_ct_RANLIB=''
ac_ct_STRIP='strip'
bindir='${exec_prefix}/bin'
build='x86_64-unknown-linux-gnu'
build_alias=''
build_cpu='x86_64'
build_os='linux-gnu'
build_vendor='unknown'
datadir='${prefix}/share'
exec_prefix='${prefix}'
host='x86_64-unknown-linux-gnu'
host_alias=''
host_cpu='x86_64'
host_os='linux-gnu'
host_vendor='unknown'
includedir='${prefix}/include'
infodir='${prefix}/info'
libdir='${exec_prefix}/lib'
libexecdir='${exec_prefix}/libexec'
localstatedir='${prefix}/var'
mandir='${prefix}/man'
oldincludedir='/usr/include'
prefix='/usr/local'
program_transform_name='s,x,x,'
sbindir='${exec_prefix}/sbin'
sharedstatedir='${prefix}/com'
sysconfdir='${prefix}/etc'
target_alias=''

## ----------- ##
## confdefs.h. ##
## ----------- ##

#define HAVE_DLFCN_H 1
#define HAVE_INTTYPES_H 1
#define HAVE_LONGLONG
#define HAVE_MEMORY_H 1
#define HAVE_STDINT_H 1
#define HAVE_STDLIB_H 1
#define HAVE_STRINGS_H 1
#define HAVE_STRING_H 1
#define HAVE_SYS_STAT_H 1
#define HAVE_SYS_TYPES_H 1
#define HAVE_UNISTD_H 1
#define PACKAGE_BUGREPORT ""
#define PACKAGE_NAME ""
#define PACKAGE_STRING ""
#define PACKAGE_TARNAME ""
#define PACKAGE_VERSION ""
#define STDC_HEADERS 1
#define __SMALL_STRUCT_RETURN__ 1
#define __x86_64__ 1
#endif
#ifndef __x86_64__

configure: exit 0
