This file contains any messages produced by compilers while
running configure, to aid debugging if configure makes a mistake.

It was created by configure, which was
generated by GNU Autoconf 2.59.  Invocation command line was

  $ ./configure --prefix=/usr/local --cache-file=/dev/null --srcdir=.

## --------- ##
## Platform. ##
## --------- ##

hostname = haililihai-MintLinux
uname -m = x86_64
uname -r = 4.4.0-21-generic
uname -s = Linux
uname -v = #37-Ubuntu SMP Mon Apr 18 18:33:37 UTC 2016

/usr/bin/uname -p = unknown
/bin/uname -X     = unknown

/bin/arch              = unknown
/usr/bin/arch -k       = unknown
/usr/convex/getsysinfo = unknown
hostinfo               = unknown
/bin/machine           = unknown
/usr/bin/oslevel       = unknown
/bin/universe          = unknown

PATH: /usr/local/sbin
PATH: /usr/local/bin
PATH: /usr/sbin
PATH: /usr/bin
PATH: /sbin
PATH: /bin
PATH: /usr/games
PATH: /usr/local/games


## ----------- ##
## Core tests. ##
## ----------- ##

configure:1339: checking for gcc
configure:1355: found /usr/bin/gcc
configure:1365: result: gcc
configure:1609: checking for C compiler version
configure:1612: gcc --version </dev/null >&5
gcc (Ubuntu 5.4.0-6ubuntu1~16.04.4) 5.4.0 20160609
Copyright (C) 2015 Free Software Foundation, Inc.
This is free software; see the source for copying conditions.  There is NO
warranty; not even for MERCHANTABILITY or FITNESS FOR A PARTICULAR PURPOSE.

configure:1615: $? = 0
configure:1617: gcc -v </dev/null >&5
Using built-in specs.
COLLECT_GCC=gcc
COLLECT_LTO_WRAPPER=/usr/lib/gcc/x86_64-linux-gnu/5/lto-wrapper
Target: x86_64-linux-gnu
Configured with: ../src/configure -v --with-pkgversion='Ubuntu 5.4.0-6ubuntu1~16.04.4' --with-bugurl=file:///usr/share/doc/gcc-5/README.Bugs --enable-languages=c,ada,c++,java,go,d,fortran,objc,obj-c++ --prefix=/usr --program-suffix=-5 --enable-shared --enable-linker-build-id --libexecdir=/usr/lib --without-included-gettext --enable-threads=posix --libdir=/usr/lib --enable-nls --with-sysroot=/ --enable-clocale=gnu --enable-libstdcxx-debug --enable-libstdcxx-time=yes --with-default-libstdcxx-abi=new --enable-gnu-unique-object --disable-vtable-verify --enable-libmpx --enable-plugin --with-system-zlib --disable-browser-plugin --enable-java-awt=gtk --enable-gtk-cairo --with-java-home=/usr/lib/jvm/java-1.5.0-gcj-5-amd64/jre --enable-java-home --with-jvm-root-dir=/usr/lib/jvm/java-1.5.0-gcj-5-amd64 --with-jvm-jar-dir=/usr/lib/jvm-exports/java-1.5.0-gcj-5-amd64 --with-arch-directory=amd64 --with-ecj-jar=/usr/share/java/eclipse-ecj.jar --enable-objc-gc --enable-multiarch --disable-werror --with-arch-32=i686 --with-abi=m64 --with-multilib-list=m32,m64,mx32 --enable-multilib --with-tune=generic --enable-checking=release --build=x86_64-linux-gnu --host=x86_64-linux-gnu --target=x86_64-linux-gnu
Thread model: posix
gcc version 5.4.0 20160609 (Ubuntu 5.4.0-6ubuntu1~16.04.4) 
configure:1620: $? = 0
configure:1622: gcc -V </dev/null >&5
gcc: error: unrecognized command line option '-V'
gcc: fatal error: no input files
compilation terminated.
configure:1625: $? = 1
configure:1648: checking for C compiler default output file name
configure:1651: gcc    conftest.c  >&5
configure:1654: $? = 0
configure:1700: result: a.out
configure:1705: checking whether the C compiler works
configure:1711: ./a.out
configure:1714: $? = 0
configure:1731: result: yes
configure:1738: checking whether we are cross compiling
configure:1740: result: no
configure:1743: checking for suffix of executables
configure:1745: gcc -o conftest    conftest.c  >&5
configure:1748: $? = 0
configure:1773: result: 
configure:1779: checking for suffix of object files
configure:1800: gcc -c   conftest.c >&5
configure:1803: $? = 0
configure:1825: result: o
configure:1829: checking whether we are using the GNU C compiler
configure:1853: gcc -c   conftest.c >&5
configure:1859: $? = 0
configure:1863: test -z 
			 || test ! -s conftest.err
configure:1866: $? = 0
configure:1869: test -s conftest.o
configure:1872: $? = 0
configure:1885: result: yes
configure:1891: checking whether gcc accepts -g
configure:1912: gcc -c -g  conftest.c >&5
configure:1918: $? = 0
configure:1922: test -z 
			 || test ! -s conftest.err
configure:1925: $? = 0
configure:1928: test -s conftest.o
configure:1931: $? = 0
configure:1942: result: yes
configure:1959: checking for gcc option to accept ANSI C
configure:2029: gcc  -c -g -O2  conftest.c >&5
configure:2035: $? = 0
configure:2039: test -z 
			 || test ! -s conftest.err
configure:2042: $? = 0
configure:2045: test -s conftest.o
configure:2048: $? = 0
configure:2066: result: none needed
configure:2084: gcc -c -g -O2  conftest.c >&5
conftest.c:2:3: error: unknown type name 'choke'
   choke me
   ^
conftest.c:2:3: error: expected '=', ',', ';', 'asm' or '__attribute__' at end of input
configure:2090: $? = 1
configure: failed program was:
| #ifndef __cplusplus
|   choke me
| #endif
configure:2228: checking how to run the C preprocessor
configure:2263: gcc -E  conftest.c
configure:2269: $? = 0
configure:2301: gcc -E  conftest.c
conftest.c:9:28: fatal error: ac_nonexistent.h: No such file or directory
compilation terminated.
configure:2307: $? = 1
configure: failed program was:
| /* confdefs.h.  */
| 
| #define PACKAGE_NAME ""
| #define PACKAGE_TARNAME ""
| #define PACKAGE_VERSION ""
| #define PACKAGE_STRING ""
| #define PACKAGE_BUGREPORT ""
| /* end confdefs.h.  */
| #include <ac_nonexistent.h>
configure:2346: result: gcc -E
configure:2370: gcc -E  conftest.c
configure:2376: $? = 0
configure:2408: gcc -E  conftest.c
conftest.c:9:28: fatal error: ac_nonexistent.h: No such file or directory
compilation terminated.
configure:2414: $? = 1
configure: failed program was:
| /* confdefs.h.  */
| 
| #define PACKAGE_NAME ""
| #define PACKAGE_TARNAME ""
| #define PACKAGE_VERSION ""
| #define PACKAGE_STRING ""
| #define PACKAGE_BUGREPORT ""
| /* end confdefs.h.  */
| #include <ac_nonexistent.h>
configure:2459: checking for egrep
configure:2469: result: grep -E
configure:2475: checking whether gcc needs -traditional
configure:2517: result: no
configure:2525: checking whether using GNU C
configure:2552: result: yes
configure:2564: checking for underscore in external names
configure:2578: gcc -S conftest.c
configure:2581: $? = 0
configure:2591: result: no
configure:2606: checking for ranlib
configure:2622: found /usr/bin/ranlib
configure:2633: result: ranlib
configure:2640: checking whether make sets $(MAKE)
configure:2660: result: yes
configure:2679: checking for a BSD compatible install
configure:2726: result: /usr/bin/install -c
configure:2738: checking how to copy files
configure:2754: result: cp -p
configure:2758: checking how to make hard links
configure:2774: result: cp -p
configure:2778: checking whether ln -s works
configure:2794: result: yes
configure:2802: checking for working void
configure:2827: gcc -c -g -O2  conftest.c >&5
configure:2833: $? = 0
configure:2837: test -z 
			 || test ! -s conftest.err
configure:2840: $? = 0
configure:2843: test -s conftest.o
configure:2846: $? = 0
configure:2859: result: yes
configure:2871: checking for working "return void"
configure:2893: gcc -c -g -O2  conftest.c >&5
configure:2899: $? = 0
configure:2903: test -z 
			 || test ! -s conftest.err
configure:2906: $? = 0
configure:2909: test -s conftest.o
configure:2912: $? = 0
configure:2925: result: yes
configure:2940: checking for ANSI C header files
configure:2958: gcc -E  conftest.c
configure:2964: $? = 0
configure:2987: result: yes
configure:2997: checking for ANSI C header files
configure:3022: gcc -c -g -O2  conftest.c >&5
configure:3028: $? = 0
configure:3032: test -z 
			 || test ! -s conftest.err
configure:3035: $? = 0
configure:3038: test -s conftest.o
configure:3041: $? = 0
configure:3130: gcc -o conftest -g -O2   conftest.c  >&5
conftest.c: In function 'main':
conftest.c:28:7: warning: implicit declaration of function 'exit' [-Wimplicit-function-declaration]
       exit(2);
       ^
conftest.c:28:7: warning: incompatible implicit declaration of built-in function 'exit'
conftest.c:28:7: note: include '<stdlib.h>' or provide a declaration of 'exit'
conftest.c:29:3: warning: incompatible implicit declaration of built-in function 'exit'
   exit (0);
   ^
conftest.c:29:3: note: include '<stdlib.h>' or provide a declaration of 'exit'
configure:3133: $? = 0
configure:3135: ./conftest
configure:3138: $? = 0
configure:3153: result: yes
configure:3177: checking for sys/types.h
configure:3193: gcc -c -g -O2  conftest.c >&5
configure:3199: $? = 0
configure:3203: test -z 
			 || test ! -s conftest.err
configure:3206: $? = 0
configure:3209: test -s conftest.o
configure:3212: $? = 0
configure:3223: result: yes
configure:3177: checking for sys/stat.h
configure:3193: gcc -c -g -O2  conftest.c >&5
configure:3199: $? = 0
configure:3203: test -z 
			 || test ! -s conftest.err
configure:3206: $? = 0
configure:3209: test -s conftest.o
configure:3212: $? = 0
configure:3223: result: yes
configure:3177: checking for stdlib.h
configure:3193: gcc -c -g -O2  conftest.c >&5
configure:3199: $? = 0
configure:3203: test -z 
			 || test ! -s conftest.err
configure:3206: $? = 0
configure:3209: test -s conftest.o
configure:3212: $? = 0
configure:3223: result: yes
configure:3177: checking for string.h
configure:3193: gcc -c -g -O2  conftest.c >&5
configure:3199: $? = 0
configure:3203: test -z 
			 || test ! -s conftest.err
configure:3206: $? = 0
configure:3209: test -s conftest.o
configure:3212: $? = 0
configure:3223: result: yes
configure:3177: checking for memory.h
configure:3193: gcc -c -g -O2  conftest.c >&5
configure:3199: $? = 0
configure:3203: test -z 
			 || test ! -s conftest.err
configure:3206: $? = 0
configure:3209: test -s conftest.o
configure:3212: $? = 0
configure:3223: result: yes
configure:3177: checking for strings.h
configure:3193: gcc -c -g -O2  conftest.c >&5
configure:3199: $? = 0
configure:3203: test -z 
			 || test ! -s conftest.err
configure:3206: $? = 0
configure:3209: test -s conftest.o
configure:3212: $? = 0
configure:3223: result: yes
configure:3177: checking for inttypes.h
configure:3193: gcc -c -g -O2  conftest.c >&5
configure:3199: $? = 0
configure:3203: test -z 
			 || test ! -s conftest.err
configure:3206: $? = 0
configure:3209: test -s conftest.o
configure:3212: $? = 0
configure:3223: result: yes
configure:3177: checking for stdint.h
configure:3193: gcc -c -g -O2  conftest.c >&5
configure:3199: $? = 0
configure:3203: test -z 
			 || test ! -s conftest.err
configure:3206: $? = 0
configure:3209: test -s conftest.o
configure:3212: $? = 0
configure:3223: result: yes
configure:3177: checking for unistd.h
configure:3193: gcc -c -g -O2  conftest.c >&5
configure:3199: $? = 0
configure:3203: test -z 
			 || test ! -s conftest.err
configure:3206: $? = 0
configure:3209: test -s conftest.o
configure:3212: $? = 0
configure:3223: result: yes
configure:3240: checking for unistd_h
configure:3245: result: yes
configure:3386: checking for getpagesize
configure:3413: gcc -o conftest -g -O2   conftest.c  >&5
configure:3419: $? = 0
configure:3423: test -z 
			 || test ! -s conftest.err
configure:3426: $? = 0
configure:3429: test -s conftest
configure:3432: $? = 0
configure:3446: result: yes
configure:3457: checking for getpagesize declaration
configure:3495: gcc -c -g -O2  conftest.c >&5
configure:3501: $? = 0
configure:3505: test -z 
			 || test ! -s conftest.err
configure:3508: $? = 0
configure:3511: test -s conftest.o
configure:3514: $? = 0
configure:3531: result: 
         extern int getpagesize (void);
configure:3693: checking for vm_allocate
configure:3715: gcc -o conftest -g -O2   conftest.c  >&5
conftest.c: In function 'main':
conftest.c:28:1: warning: implicit declaration of function 'vm_allocate' [-Wimplicit-function-declaration]
 vm_allocate(); task_self();
 ^
conftest.c:28:16: warning: implicit declaration of function 'task_self' [-Wimplicit-function-declaration]
 vm_allocate(); task_self();
                ^
/tmp/ccsZUVeP.o: In function `main':
/media/psf/Home/Documents/ATPP_GUI/ffcall-1.10/trampoline/conftest.c:28: undefined reference to `vm_allocate'
/media/psf/Home/Documents/ATPP_GUI/ffcall-1.10/trampoline/conftest.c:28: undefined reference to `task_self'
collect2: error: ld returned 1 exit status
configure:3721: $? = 1
configure: failed program was:
| /* confdefs.h.  */
| 
| #define PACKAGE_NAME ""
| #define PACKAGE_TARNAME ""
| #define PACKAGE_VERSION ""
| #define PACKAGE_STRING ""
| #define PACKAGE_BUGREPORT ""
| #define return_void return
| #define STDC_HEADERS 1
| #define STDC_HEADERS 1
| #define HAVE_SYS_TYPES_H 1
| #define HAVE_SYS_STAT_H 1
| #define HAVE_STDLIB_H 1
| #define HAVE_STRING_H 1
| #define HAVE_MEMORY_H 1
| #define HAVE_STRINGS_H 1
| #define HAVE_INTTYPES_H 1
| #define HAVE_STDINT_H 1
| #define HAVE_UNISTD_H 1
| #define HAVE_UNISTD_H 1
| #define HAVE_GETPAGESIZE
| #define RETGETPAGESIZETYPE int
| /* end confdefs.h.  */
| 
| int
| main ()
| {
| vm_allocate(); task_self();
|   ;
|   return 0;
| }
configure:3748: result: no
configure:3773: checking sys/file.h usability
configure:3785: gcc -c -g -O2  conftest.c >&5
configure:3791: $? = 0
configure:3795: test -z 
			 || test ! -s conftest.err
configure:3798: $? = 0
configure:3801: test -s conftest.o
configure:3804: $? = 0
configure:3814: result: yes
configure:3818: checking sys/file.h presence
configure:3828: gcc -E  conftest.c
configure:3834: $? = 0
configure:3854: result: yes
configure:3889: checking for sys/file.h
configure:3896: result: yes
configure:3919: checking for O_RDWR in fcntl.h
configure:3941: gcc -c -g -O2  conftest.c >&5
configure:3947: $? = 0
configure:3951: test -z 
			 || test ! -s conftest.err
configure:3954: $? = 0
configure:3957: test -s conftest.o
configure:3960: $? = 0
configure:3973: result: yes
configure:3998: checking sys/mman.h usability
configure:4010: gcc -c -g -O2  conftest.c >&5
configure:4016: $? = 0
configure:4020: test -z 
			 || test ! -s conftest.err
configure:4023: $? = 0
configure:4026: test -s conftest.o
configure:4029: $? = 0
configure:4039: result: yes
configure:4043: checking sys/mman.h presence
configure:4053: gcc -E  conftest.c
configure:4059: $? = 0
configure:4079: result: yes
configure:4114: checking for sys/mman.h
configure:4121: result: yes
configure:4132: checking for mmap
configure:4189: gcc -o conftest -g -O2   conftest.c  >&5
configure:4195: $? = 0
configure:4199: test -z 
			 || test ! -s conftest.err
configure:4202: $? = 0
configure:4205: test -s conftest
configure:4208: $? = 0
configure:4220: result: yes
configure:4233: checking for working mmap
configure:4314: gcc -o conftest -g -O2   conftest.c  >&5
configure:4317: $? = 0
configure:4319: ./conftest
configure:4322: $? = 0
configure:4353: gcc -o conftest -g -O2   conftest.c  >&5
configure:4356: $? = 0
configure:4358: ./conftest
configure:4361: $? = 0
configure:4396: gcc -o conftest -g -O2   conftest.c  >&5
configure:4399: $? = 0
configure:4401: ./conftest
configure:4404: $? = 0
configure:4472: result: yes
configure:4509: checking for mprotect
configure:4566: gcc -o conftest -g -O2   conftest.c  >&5
configure:4572: $? = 0
configure:4576: test -z 
			 || test ! -s conftest.err
configure:4579: $? = 0
configure:4582: test -s conftest
configure:4585: $? = 0
configure:4597: result: yes
configure:4607: checking for working mprotect
configure:4657: gcc -o conftest -g -O2   conftest.c  >&5
configure:4660: $? = 0
configure:4662: ./conftest
configure:4665: $? = 0
configure:4699: gcc -o conftest -g -O2   conftest.c  >&5
configure:4702: $? = 0
configure:4704: ./conftest
./configure: line 4705: 12503 Segmentation fault      ./conftest$ac_exeext
configure:4707: $? = 139
configure: program exited with status 139
configure: failed program was:
| /* confdefs.h.  */
| 
| #define PACKAGE_NAME ""
| #define PACKAGE_TARNAME ""
| #define PACKAGE_VERSION ""
| #define PACKAGE_STRING ""
| #define PACKAGE_BUGREPORT ""
| #define return_void return
| #define STDC_HEADERS 1
| #define STDC_HEADERS 1
| #define HAVE_SYS_TYPES_H 1
| #define HAVE_SYS_STAT_H 1
| #define HAVE_STDLIB_H 1
| #define HAVE_STRING_H 1
| #define HAVE_MEMORY_H 1
| #define HAVE_STRINGS_H 1
| #define HAVE_INTTYPES_H 1
| #define HAVE_STDINT_H 1
| #define HAVE_UNISTD_H 1
| #define HAVE_UNISTD_H 1
| #define HAVE_GETPAGESIZE
| #define RETGETPAGESIZETYPE int
| #define HAVE_SYS_FILE_H 1
| #define HAVE_MMAP
| #define HAVE_MMAP_ANON
| #define HAVE_MMAP_ANONYMOUS
| #define HAVE_MMAP_DEVZERO
| #define HAVE_MPROTECT 1
| /* end confdefs.h.  */
| 
| #include <sys/types.h>
| /* declare malloc() */
| #include <stdlib.h>
| #ifdef HAVE_UNISTD_H
| #include <unistd.h>
| #endif
| /* declare getpagesize() and mprotect() */
| #include <sys/mman.h>
| #ifndef HAVE_GETPAGESIZE
| #include <sys/param.h>
| #define getpagesize() PAGESIZE
| #else
| extern
| #ifdef __cplusplus
| "C"
| #endif
| 
| #if defined(__STDC__) || defined(__cplusplus)
| RETGETPAGESIZETYPE getpagesize (void);
| #else
| RETGETPAGESIZETYPE getpagesize();
| #endif
| #endif
| char foo;
| int main () {
|   unsigned long pagesize = getpagesize();
| #define page_align(address)  (char*)((unsigned long)(address) & -pagesize)
| 
|   char* area = (char*) malloc(6*pagesize);
|   char* fault_address = area + pagesize*7/2;
| 
|   if (mprotect(page_align(fault_address),pagesize,PROT_NONE) < 0) exit(0);
|   foo = *fault_address; /* this should cause a core dump */
|   exit(0); }
configure:4738: gcc -o conftest -g -O2   conftest.c  >&5
configure:4741: $? = 0
configure:4743: ./conftest
./configure: line 4744: 12526 Segmentation fault      ./conftest$ac_exeext
configure:4746: $? = 139
configure: program exited with status 139
configure: failed program was:
| /* confdefs.h.  */
| 
| #define PACKAGE_NAME ""
| #define PACKAGE_TARNAME ""
| #define PACKAGE_VERSION ""
| #define PACKAGE_STRING ""
| #define PACKAGE_BUGREPORT ""
| #define return_void return
| #define STDC_HEADERS 1
| #define STDC_HEADERS 1
| #define HAVE_SYS_TYPES_H 1
| #define HAVE_SYS_STAT_H 1
| #define HAVE_STDLIB_H 1
| #define HAVE_STRING_H 1
| #define HAVE_MEMORY_H 1
| #define HAVE_STRINGS_H 1
| #define HAVE_INTTYPES_H 1
| #define HAVE_STDINT_H 1
| #define HAVE_UNISTD_H 1
| #define HAVE_UNISTD_H 1
| #define HAVE_GETPAGESIZE
| #define RETGETPAGESIZETYPE int
| #define HAVE_SYS_FILE_H 1
| #define HAVE_MMAP
| #define HAVE_MMAP_ANON
| #define HAVE_MMAP_ANONYMOUS
| #define HAVE_MMAP_DEVZERO
| #define HAVE_MPROTECT 1
| /* end confdefs.h.  */
| 
| #include <sys/types.h>
| /* declare malloc() */
| #include <stdlib.h>
| #ifdef HAVE_UNISTD_H
| #include <unistd.h>
| #endif
| /* declare getpagesize() and mprotect() */
| #include <sys/mman.h>
| #ifndef HAVE_GETPAGESIZE
| #include <sys/param.h>
| #define getpagesize() PAGESIZE
| #else
| extern
| #ifdef __cplusplus
| "C"
| #endif
| 
| #if defined(__STDC__) || defined(__cplusplus)
| RETGETPAGESIZETYPE getpagesize (void);
| #else
| RETGETPAGESIZETYPE getpagesize();
| #endif
| #endif
| char foo;
| int main () {
|   unsigned long pagesize = getpagesize();
| #define page_align(address)  (char*)((unsigned long)(address) & -pagesize)
| 
|   char* area = (char*) malloc(6*pagesize);
|   char* fault_address = area + pagesize*7/2;
| 
|   if (mprotect(page_align(fault_address),pagesize,PROT_NONE) < 0) exit(0);
|   *fault_address = 'z'; /* this should cause a core dump */
|   exit(0); }
configure:4777: gcc -o conftest -g -O2   conftest.c  >&5
configure:4780: $? = 0
configure:4782: ./conftest
./configure: line 4783: 12546 Segmentation fault      ./conftest$ac_exeext
configure:4785: $? = 139
configure: program exited with status 139
configure: failed program was:
| /* confdefs.h.  */
| 
| #define PACKAGE_NAME ""
| #define PACKAGE_TARNAME ""
| #define PACKAGE_VERSION ""
| #define PACKAGE_STRING ""
| #define PACKAGE_BUGREPORT ""
| #define return_void return
| #define STDC_HEADERS 1
| #define STDC_HEADERS 1
| #define HAVE_SYS_TYPES_H 1
| #define HAVE_SYS_STAT_H 1
| #define HAVE_STDLIB_H 1
| #define HAVE_STRING_H 1
| #define HAVE_MEMORY_H 1
| #define HAVE_STRINGS_H 1
| #define HAVE_INTTYPES_H 1
| #define HAVE_STDINT_H 1
| #define HAVE_UNISTD_H 1
| #define HAVE_UNISTD_H 1
| #define HAVE_GETPAGESIZE
| #define RETGETPAGESIZETYPE int
| #define HAVE_SYS_FILE_H 1
| #define HAVE_MMAP
| #define HAVE_MMAP_ANON
| #define HAVE_MMAP_ANONYMOUS
| #define HAVE_MMAP_DEVZERO
| #define HAVE_MPROTECT 1
| /* end confdefs.h.  */
| 
| #include <sys/types.h>
| /* declare malloc() */
| #include <stdlib.h>
| #ifdef HAVE_UNISTD_H
| #include <unistd.h>
| #endif
| /* declare getpagesize() and mprotect() */
| #include <sys/mman.h>
| #ifndef HAVE_GETPAGESIZE
| #include <sys/param.h>
| #define getpagesize() PAGESIZE
| #else
| extern
| #ifdef __cplusplus
| "C"
| #endif
| 
| #if defined(__STDC__) || defined(__cplusplus)
| RETGETPAGESIZETYPE getpagesize (void);
| #else
| RETGETPAGESIZETYPE getpagesize();
| #endif
| #endif
| char foo;
| int main () {
|   unsigned long pagesize = getpagesize();
| #define page_align(address)  (char*)((unsigned long)(address) & -pagesize)
| 
|   char* area = (char*) malloc(6*pagesize);
|   char* fault_address = area + pagesize*7/2;
| 
|   if (mprotect(page_align(fault_address),pagesize,PROT_READ) < 0) exit(0);
|   *fault_address = 'z'; /* this should cause a core dump */
|   exit(0); }
configure:4817: gcc -o conftest -g -O2   conftest.c  >&5
configure:4820: $? = 0
configure:4822: ./conftest
configure:4825: $? = 0
configure:4847: result: yes
configure:4872: checking sys/shm.h usability
configure:4884: gcc -c -g -O2  conftest.c >&5
configure:4890: $? = 0
configure:4894: test -z 
			 || test ! -s conftest.err
configure:4897: $? = 0
configure:4900: test -s conftest.o
configure:4903: $? = 0
configure:4913: result: yes
configure:4917: checking sys/shm.h presence
configure:4927: gcc -E  conftest.c
configure:4933: $? = 0
configure:4953: result: yes
configure:4988: checking for sys/shm.h
configure:4995: result: yes
configure:5023: checking sys/ipc.h usability
configure:5035: gcc -c -g -O2  conftest.c >&5
configure:5041: $? = 0
configure:5045: test -z 
			 || test ! -s conftest.err
configure:5048: $? = 0
configure:5051: test -s conftest.o
configure:5054: $? = 0
configure:5064: result: yes
configure:5068: checking sys/ipc.h presence
configure:5078: gcc -E  conftest.c
configure:5084: $? = 0
configure:5104: result: yes
configure:5139: checking for sys/ipc.h
configure:5146: result: yes
configure:5163: checking for working shared memory
configure:5197: gcc -o conftest -g -O2   conftest.c  >&5
conftest.c: In function 'main':
conftest.c:42:55: warning: implicit declaration of function 'exit' [-Wimplicit-function-declaration]
   if ((shmid = shmget(IPC_PRIVATE,segsize,0400)) < 0) exit(1);
                                                       ^
conftest.c:42:55: warning: incompatible implicit declaration of built-in function 'exit'
conftest.c:42:55: note: include '<stdlib.h>' or provide a declaration of 'exit'
conftest.c:48:3: warning: incompatible implicit declaration of built-in function 'exit'
   exit(result == (char*)(-1));
   ^
conftest.c:48:3: note: include '<stdlib.h>' or provide a declaration of 'exit'
configure:5200: $? = 0
configure:5202: ./conftest
configure:5205: $? = 0
configure:5220: result: yes
configure:5244: checking sys/sysmacros.h usability
configure:5256: gcc -c -g -O2  conftest.c >&5
configure:5262: $? = 0
configure:5266: test -z 
			 || test ! -s conftest.err
configure:5269: $? = 0
configure:5272: test -s conftest.o
configure:5275: $? = 0
configure:5285: result: yes
configure:5289: checking sys/sysmacros.h presence
configure:5299: gcc -E  conftest.c
configure:5305: $? = 0
configure:5325: result: yes
configure:5360: checking for sys/sysmacros.h
configure:5367: result: yes
configure:5393: checking build system type
configure:5411: result: x86_64-unknown-linux-gnu
configure:5419: checking host system type
configure:5433: result: x86_64-unknown-linux-gnu
configure:5575: checking whether code in malloc'ed memory is executable
configure:5611: gcc -o conftest -g -O2   conftest.c  >&5
configure:5614: $? = 0
configure:5616: ./conftest
./configure: line 5617: 12805 Segmentation fault      ./conftest$ac_exeext
configure:5619: $? = 139
configure: program exited with status 139
configure: failed program was:
| /* confdefs.h.  */
| 
| #define PACKAGE_NAME ""
| #define PACKAGE_TARNAME ""
| #define PACKAGE_VERSION ""
| #define PACKAGE_STRING ""
| #define PACKAGE_BUGREPORT ""
| #define return_void return
| #define STDC_HEADERS 1
| #define STDC_HEADERS 1
| #define HAVE_SYS_TYPES_H 1
| #define HAVE_SYS_STAT_H 1
| #define HAVE_STDLIB_H 1
| #define HAVE_STRING_H 1
| #define HAVE_MEMORY_H 1
| #define HAVE_STRINGS_H 1
| #define HAVE_INTTYPES_H 1
| #define HAVE_STDINT_H 1
| #define HAVE_UNISTD_H 1
| #define HAVE_UNISTD_H 1
| #define HAVE_GETPAGESIZE
| #define RETGETPAGESIZETYPE int
| #define HAVE_SYS_FILE_H 1
| #define HAVE_MMAP
| #define HAVE_MMAP_ANON
| #define HAVE_MMAP_ANONYMOUS
| #define HAVE_MMAP_DEVZERO
| #define HAVE_MPROTECT 1
| #define HAVE_WORKING_MPROTECT
| #define HAVE_SYS_SHM_H 1
| #define HAVE_SYS_IPC_H 1
| #define HAVE_SHM
| #define HAVE_SYS_SYSMACROS_H 1
| #ifndef __x86_64__
| #define __x86_64__ 1
| #endif
| /* end confdefs.h.  */
| 
| #include <sys/types.h>
| /* declare malloc() */
| #include <stdlib.h>
| int fun () { return 31415926; }
| int main ()
| { long size = (char*)&main - (char*)&fun;
|   char* funcopy = (char*) malloc(size);
|   int i;
|   for (i = 0; i < size; i++) { funcopy[i] = ((char*)&fun)[i]; }
|   exit(!((*(int(*)())funcopy)() == 31415926));
| }
configure:5639: result: no
configure:6069: creating ./config.status

## ---------------------- ##
## Running config.status. ##
## ---------------------- ##

This file was extended by config.status, which was
generated by GNU Autoconf 2.59.  Invocation command line was

  CONFIG_FILES    = 
  CONFIG_HEADERS  = 
  CONFIG_LINKS    = 
  CONFIG_COMMANDS = 
  $ ./config.status 

on haililihai-MintLinux

config.status:661: creating Makefile
config.status:764: creating config.h

## ---------------- ##
## Cache variables. ##
## ---------------- ##

ac_cv_build=x86_64-unknown-linux-gnu
ac_cv_build_alias=x86_64-unknown-linux-gnu
ac_cv_c_compiler_gnu=yes
ac_cv_env_CC_set=
ac_cv_env_CC_value=
ac_cv_env_CFLAGS_set=
ac_cv_env_CFLAGS_value=
ac_cv_env_CPPFLAGS_set=
ac_cv_env_CPPFLAGS_value=
ac_cv_env_CPP_set=
ac_cv_env_CPP_value=
ac_cv_env_LDFLAGS_set=
ac_cv_env_LDFLAGS_value=
ac_cv_env_build_alias_set=
ac_cv_env_build_alias_value=
ac_cv_env_host_alias_set=
ac_cv_env_host_alias_value=
ac_cv_env_target_alias_set=
ac_cv_env_target_alias_value=
ac_cv_exeext=
ac_cv_func_mmap=yes
ac_cv_func_mprotect=yes
ac_cv_header_inttypes_h=yes
ac_cv_header_memory_h=yes
ac_cv_header_stdc=yes
ac_cv_header_stdint_h=yes
ac_cv_header_stdlib_h=yes
ac_cv_header_string_h=yes
ac_cv_header_strings_h=yes
ac_cv_header_sys_file_h=yes
ac_cv_header_sys_ipc_h=yes
ac_cv_header_sys_mman_h=yes
ac_cv_header_sys_shm_h=yes
ac_cv_header_sys_stat_h=yes
ac_cv_header_sys_sysmacros_h=yes
ac_cv_header_sys_types_h=yes
ac_cv_header_unistd_h=yes
ac_cv_host=x86_64-unknown-linux-gnu
ac_cv_host_alias=x86_64-unknown-linux-gnu
ac_cv_objext=o
ac_cv_prog_CPP='gcc -E'
ac_cv_prog_RANLIB=ranlib
ac_cv_prog_ac_ct_CC=gcc
ac_cv_prog_cc_g=yes
ac_cv_prog_cc_stdc=
ac_cv_prog_egrep='grep -E'
ac_cv_prog_gcc_traditional=no
ac_cv_prog_make_make_set=yes
cl_cv_c_return_void=yes
cl_cv_c_return_void_form=return
cl_cv_c_void=yes
cl_cv_codeexec=no
cl_cv_decl_O_RDWR_fcntl_h=yes
cl_cv_func_getpagesize=yes
cl_cv_func_mmap_anon=yes
cl_cv_func_mmap_anonymous=yes
cl_cv_func_mmap_devzero=yes
cl_cv_func_mmap_works=yes
cl_cv_func_mprotect_works=yes
cl_cv_func_vm=no
cl_cv_header_stdc=yes
cl_cv_path_install='/usr/bin/install -c'
cl_cv_prog_LN='cp -p'
cl_cv_prog_LN_S='ln -s'
cl_cv_prog_as_underscore=no
cl_cv_prog_cc_gcc=yes
cl_cv_prog_cp='cp -p'
cl_cv_proto_getpagesize='extern int getpagesize (void);'
cl_cv_proto_getpagesize_ret=int
cl_cv_sys_shm_works=yes

## ----------------- ##
## Output variables. ##
## ----------------- ##

AS_UNDERSCORE='false'
CC='gcc'
CC_GCC='true'
CFLAGS='-g -O2'
CP='cp -p'
CPP='gcc -E'
CPPFLAGS=''
CPU_OBJECTS=''
DEFS='-DHAVE_CONFIG_H'
ECHO_C=''
ECHO_N='-n'
ECHO_T=''
EGREP='grep -E'
EXEEXT=''
GCC_X_NONE='-x none'
INSTALL='/usr/bin/install -c'
INSTALL_DATA='$(INSTALL) -m 644'
INSTALL_PROGRAM='$(INSTALL)'
LDFLAGS=''
LIBOBJS=''
LIBS=''
LN='cp -p'
LN_S='ln -s'
LTLIBOBJS=''
OBJEXT='o'
PACKAGE_BUGREPORT=''
PACKAGE_NAME=''
PACKAGE_STRING=''
PACKAGE_TARNAME=''
PACKAGE_VERSION=''
PATH_SEPARATOR=':'
RANLIB='ranlib'
SET_MAKE=''
SHELL='/bin/bash'
ac_ct_CC='gcc'
bindir='${exec_prefix}/bin'
build='x86_64-unknown-linux-gnu'
build_alias=''
build_cpu='x86_64'
build_os='linux-gnu'
build_vendor='unknown'
datadir='${prefix}/share'
exec_prefix='${prefix}'
host='x86_64-unknown-linux-gnu'
host_alias=''
host_cpu='x86_64'
host_os='linux-gnu'
host_vendor='unknown'
includedir='${prefix}/include'
infodir='${prefix}/info'
libdir='${exec_prefix}/lib'
libexecdir='${exec_prefix}/libexec'
localstatedir='${prefix}/var'
mandir='${prefix}/man'
oldincludedir='/usr/include'
prefix='/usr/local'
program_transform_name='s,x,x,'
sbindir='${exec_prefix}/sbin'
sharedstatedir='${prefix}/com'
sysconfdir='${prefix}/etc'
target_alias=''

## ----------- ##
## confdefs.h. ##
## ----------- ##

#define HAVE_GETPAGESIZE
#define HAVE_INTTYPES_H 1
#define HAVE_MEMORY_H 1
#define HAVE_MMAP
#define HAVE_MMAP_ANON
#define HAVE_MMAP_ANONYMOUS
#define HAVE_MMAP_DEVZERO
#define HAVE_MPROTECT 1
#define HAVE_SHM
#define HAVE_STDINT_H 1
#define HAVE_STDLIB_H 1
#define HAVE_STRINGS_H 1
#define HAVE_STRING_H 1
#define HAVE_SYS_FILE_H 1
#define HAVE_SYS_IPC_H 1
#define HAVE_SYS_SHM_H 1
#define HAVE_SYS_STAT_H 1
#define HAVE_SYS_SYSMACROS_H 1
#define HAVE_SYS_TYPES_H 1
#define HAVE_UNISTD_H 1
#define HAVE_UNISTD_H 1
#define HAVE_WORKING_MPROTECT
#define PACKAGE_BUGREPORT ""
#define PACKAGE_NAME ""
#define PACKAGE_STRING ""
#define PACKAGE_TARNAME ""
#define PACKAGE_VERSION ""
#define RETGETPAGESIZETYPE int
#define STDC_HEADERS 1
#define STDC_HEADERS 1
#define __x86_64__ 1
#define return_void return
#endif
#ifndef __x86_64__

configure: exit 0
