This file contains any messages produced by compilers while
running configure, to aid debugging if configure makes a mistake.

It was created by configure, which was
generated by GNU Autoconf 2.59.  Invocation command line was

  $ ./configure --prefix=/usr/local --prefix=/usr/local --cache-file=/dev/null --srcdir=. --cache-file=/dev/null --srcdir=.

## --------- ##
## Platform. ##
## --------- ##

hostname = haililihai-MintLinux
uname -m = x86_64
uname -r = 4.4.0-21-generic
uname -s = Linux
uname -v = #37-Ubuntu SMP Mon Apr 18 18:33:37 UTC 2016

/usr/bin/uname -p = unknown
/bin/uname -X     = unknown

/bin/arch              = unknown
/usr/bin/arch -k       = unknown
/usr/convex/getsysinfo = unknown
hostinfo               = unknown
/bin/machine           = unknown
/usr/bin/oslevel       = unknown
/bin/universe          = unknown

PATH: /usr/local/sbin
PATH: /usr/local/bin
PATH: /usr/sbin
PATH: /usr/bin
PATH: /sbin
PATH: /bin
PATH: /usr/games
PATH: /usr/local/games


## ----------- ##
## Core tests. ##
## ----------- ##

configure:1512: checking for gcc
configure:1528: found /usr/bin/gcc
configure:1538: result: gcc
configure:1782: checking for C compiler version
configure:1785: gcc --version </dev/null >&5
gcc (Ubuntu 5.4.0-6ubuntu1~16.04.4) 5.4.0 20160609
Copyright (C) 2015 Free Software Foundation, Inc.
This is free software; see the source for copying conditions.  There is NO
warranty; not even for MERCHANTABILITY or FITNESS FOR A PARTICULAR PURPOSE.

configure:1788: $? = 0
configure:1790: gcc -v </dev/null >&5
Using built-in specs.
COLLECT_GCC=gcc
COLLECT_LTO_WRAPPER=/usr/lib/gcc/x86_64-linux-gnu/5/lto-wrapper
Target: x86_64-linux-gnu
Configured with: ../src/configure -v --with-pkgversion='Ubuntu 5.4.0-6ubuntu1~16.04.4' --with-bugurl=file:///usr/share/doc/gcc-5/README.Bugs --enable-languages=c,ada,c++,java,go,d,fortran,objc,obj-c++ --prefix=/usr --program-suffix=-5 --enable-shared --enable-linker-build-id --libexecdir=/usr/lib --without-included-gettext --enable-threads=posix --libdir=/usr/lib --enable-nls --with-sysroot=/ --enable-clocale=gnu --enable-libstdcxx-debug --enable-libstdcxx-time=yes --with-default-libstdcxx-abi=new --enable-gnu-unique-object --disable-vtable-verify --enable-libmpx --enable-plugin --with-system-zlib --disable-browser-plugin --enable-java-awt=gtk --enable-gtk-cairo --with-java-home=/usr/lib/jvm/java-1.5.0-gcj-5-amd64/jre --enable-java-home --with-jvm-root-dir=/usr/lib/jvm/java-1.5.0-gcj-5-amd64 --with-jvm-jar-dir=/usr/lib/jvm-exports/java-1.5.0-gcj-5-amd64 --with-arch-directory=amd64 --with-ecj-jar=/usr/share/java/eclipse-ecj.jar --enable-objc-gc --enable-multiarch --disable-werror --with-arch-32=i686 --with-abi=m64 --with-multilib-list=m32,m64,mx32 --enable-multilib --with-tune=generic --enable-checking=release --build=x86_64-linux-gnu --host=x86_64-linux-gnu --target=x86_64-linux-gnu
Thread model: posix
gcc version 5.4.0 20160609 (Ubuntu 5.4.0-6ubuntu1~16.04.4) 
configure:1793: $? = 0
configure:1795: gcc -V </dev/null >&5
gcc: error: unrecognized command line option '-V'
gcc: fatal error: no input files
compilation terminated.
configure:1798: $? = 1
configure:1821: checking for C compiler default output file name
configure:1824: gcc    conftest.c  >&5
configure:1827: $? = 0
configure:1873: result: a.out
configure:1878: checking whether the C compiler works
configure:1884: ./a.out
configure:1887: $? = 0
configure:1904: result: yes
configure:1911: checking whether we are cross compiling
configure:1913: result: no
configure:1916: checking for suffix of executables
configure:1918: gcc -o conftest    conftest.c  >&5
configure:1921: $? = 0
configure:1946: result: 
configure:1952: checking for suffix of object files
configure:1973: gcc -c   conftest.c >&5
configure:1976: $? = 0
configure:1998: result: o
configure:2002: checking whether we are using the GNU C compiler
configure:2026: gcc -c   conftest.c >&5
configure:2032: $? = 0
configure:2036: test -z 
			 || test ! -s conftest.err
configure:2039: $? = 0
configure:2042: test -s conftest.o
configure:2045: $? = 0
configure:2058: result: yes
configure:2064: checking whether gcc accepts -g
configure:2085: gcc -c -g  conftest.c >&5
configure:2091: $? = 0
configure:2095: test -z 
			 || test ! -s conftest.err
configure:2098: $? = 0
configure:2101: test -s conftest.o
configure:2104: $? = 0
configure:2115: result: yes
configure:2132: checking for gcc option to accept ANSI C
configure:2202: gcc  -c -g -O2  conftest.c >&5
configure:2208: $? = 0
configure:2212: test -z 
			 || test ! -s conftest.err
configure:2215: $? = 0
configure:2218: test -s conftest.o
configure:2221: $? = 0
configure:2239: result: none needed
configure:2257: gcc -c -g -O2  conftest.c >&5
conftest.c:2:3: error: unknown type name 'choke'
   choke me
   ^
conftest.c:2:3: error: expected '=', ',', ';', 'asm' or '__attribute__' at end of input
configure:2263: $? = 1
configure: failed program was:
| #ifndef __cplusplus
|   choke me
| #endif
configure:2401: checking how to run the C preprocessor
configure:2436: gcc -E  conftest.c
configure:2442: $? = 0
configure:2474: gcc -E  conftest.c
conftest.c:9:28: fatal error: ac_nonexistent.h: No such file or directory
compilation terminated.
configure:2480: $? = 1
configure: failed program was:
| /* confdefs.h.  */
| 
| #define PACKAGE_NAME ""
| #define PACKAGE_TARNAME ""
| #define PACKAGE_VERSION ""
| #define PACKAGE_STRING ""
| #define PACKAGE_BUGREPORT ""
| /* end confdefs.h.  */
| #include <ac_nonexistent.h>
configure:2519: result: gcc -E
configure:2543: gcc -E  conftest.c
configure:2549: $? = 0
configure:2581: gcc -E  conftest.c
conftest.c:9:28: fatal error: ac_nonexistent.h: No such file or directory
compilation terminated.
configure:2587: $? = 1
configure: failed program was:
| /* confdefs.h.  */
| 
| #define PACKAGE_NAME ""
| #define PACKAGE_TARNAME ""
| #define PACKAGE_VERSION ""
| #define PACKAGE_STRING ""
| #define PACKAGE_BUGREPORT ""
| /* end confdefs.h.  */
| #include <ac_nonexistent.h>
configure:2632: checking for egrep
configure:2642: result: grep -E
configure:2648: checking whether gcc needs -traditional
configure:2690: result: no
configure:2698: checking whether using GNU C
configure:2725: result: yes
configure:2737: checking for underscore in external names
configure:2751: gcc -S conftest.c
configure:2754: $? = 0
configure:2764: result: no
configure:2779: checking for ranlib
configure:2795: found /usr/bin/ranlib
configure:2806: result: ranlib
configure:2813: checking whether make sets $(MAKE)
configure:2833: result: yes
configure:2852: checking for a BSD compatible install
configure:2899: result: /usr/bin/install -c
configure:2911: checking how to copy files
configure:2927: result: cp -p
configure:2931: checking how to make hard links
configure:2947: result: cp -p
configure:2951: checking whether ln -s works
configure:2967: result: yes
configure:2984: checking build system type
configure:3002: result: x86_64-unknown-linux-gnu
configure:3010: checking host system type
configure:3024: result: x86_64-unknown-linux-gnu
configure:3255: checking for ld used by GCC
configure:3318: result: /usr/bin/ld
configure:3327: checking if the linker (/usr/bin/ld) is GNU ld
GNU ld (GNU Binutils for Ubuntu) 2.26.1
configure:3339: result: yes
configure:3344: checking for /usr/bin/ld option to reload object files
configure:3351: result: -r
configure:3356: checking for BSD-compatible nm
configure:3392: result: /usr/bin/nm -B
configure:3395: checking for a sed that does not truncate output
configure:3477: result: /bin/sed
configure:3480: checking how to recognise dependent libraries
configure:3661: result: file_magic ELF [0-9][0-9]*-bit [LM]SB (shared object|dynamic lib )
configure:3673: checking command to parse /usr/bin/nm -B output
configure:3757: gcc -c -g -O2  conftest.c >&5
configure:3760: $? = 0
configure:3764: /usr/bin/nm -B conftest.o \| sed -n -e 's/^.*[ 	]\([ABCDGISTW][ABCDGISTW]*\)[ 	][ 	]*\(\)\([_A-Za-z][_A-Za-z0-9]*\)$/\1 \2\3 \3/p' \> conftest.nm
configure:3767: $? = 0
configure:3819: gcc -o conftest -g -O2   conftest.c conftstm.o >&5
configure:3822: $? = 0
configure:3866: result: ok
configure:3870: checking for ANSI C header files
configure:3895: gcc -c -g -O2  conftest.c >&5
configure:3901: $? = 0
configure:3905: test -z 
			 || test ! -s conftest.err
configure:3908: $? = 0
configure:3911: test -s conftest.o
configure:3914: $? = 0
configure:4003: gcc -o conftest -g -O2   conftest.c  >&5
conftest.c: In function 'main':
conftest.c:29:7: warning: implicit declaration of function 'exit' [-Wimplicit-function-declaration]
       exit(2);
       ^
conftest.c:29:7: warning: incompatible implicit declaration of built-in function 'exit'
conftest.c:29:7: note: include '<stdlib.h>' or provide a declaration of 'exit'
conftest.c:30:3: warning: incompatible implicit declaration of built-in function 'exit'
   exit (0);
   ^
conftest.c:30:3: note: include '<stdlib.h>' or provide a declaration of 'exit'
configure:4006: $? = 0
configure:4008: ./conftest
configure:4011: $? = 0
configure:4026: result: yes
configure:4050: checking for sys/types.h
configure:4066: gcc -c -g -O2  conftest.c >&5
configure:4072: $? = 0
configure:4076: test -z 
			 || test ! -s conftest.err
configure:4079: $? = 0
configure:4082: test -s conftest.o
configure:4085: $? = 0
configure:4096: result: yes
configure:4050: checking for sys/stat.h
configure:4066: gcc -c -g -O2  conftest.c >&5
configure:4072: $? = 0
configure:4076: test -z 
			 || test ! -s conftest.err
configure:4079: $? = 0
configure:4082: test -s conftest.o
configure:4085: $? = 0
configure:4096: result: yes
configure:4050: checking for stdlib.h
configure:4066: gcc -c -g -O2  conftest.c >&5
configure:4072: $? = 0
configure:4076: test -z 
			 || test ! -s conftest.err
configure:4079: $? = 0
configure:4082: test -s conftest.o
configure:4085: $? = 0
configure:4096: result: yes
configure:4050: checking for string.h
configure:4066: gcc -c -g -O2  conftest.c >&5
configure:4072: $? = 0
configure:4076: test -z 
			 || test ! -s conftest.err
configure:4079: $? = 0
configure:4082: test -s conftest.o
configure:4085: $? = 0
configure:4096: result: yes
configure:4050: checking for memory.h
configure:4066: gcc -c -g -O2  conftest.c >&5
configure:4072: $? = 0
configure:4076: test -z 
			 || test ! -s conftest.err
configure:4079: $? = 0
configure:4082: test -s conftest.o
configure:4085: $? = 0
configure:4096: result: yes
configure:4050: checking for strings.h
configure:4066: gcc -c -g -O2  conftest.c >&5
configure:4072: $? = 0
configure:4076: test -z 
			 || test ! -s conftest.err
configure:4079: $? = 0
configure:4082: test -s conftest.o
configure:4085: $? = 0
configure:4096: result: yes
configure:4050: checking for inttypes.h
configure:4066: gcc -c -g -O2  conftest.c >&5
configure:4072: $? = 0
configure:4076: test -z 
			 || test ! -s conftest.err
configure:4079: $? = 0
configure:4082: test -s conftest.o
configure:4085: $? = 0
configure:4096: result: yes
configure:4050: checking for stdint.h
configure:4066: gcc -c -g -O2  conftest.c >&5
configure:4072: $? = 0
configure:4076: test -z 
			 || test ! -s conftest.err
configure:4079: $? = 0
configure:4082: test -s conftest.o
configure:4085: $? = 0
configure:4096: result: yes
configure:4050: checking for unistd.h
configure:4066: gcc -c -g -O2  conftest.c >&5
configure:4072: $? = 0
configure:4076: test -z 
			 || test ! -s conftest.err
configure:4079: $? = 0
configure:4082: test -s conftest.o
configure:4085: $? = 0
configure:4096: result: yes
configure:4122: checking dlfcn.h usability
configure:4134: gcc -c -g -O2  conftest.c >&5
configure:4140: $? = 0
configure:4144: test -z 
			 || test ! -s conftest.err
configure:4147: $? = 0
configure:4150: test -s conftest.o
configure:4153: $? = 0
configure:4163: result: yes
configure:4167: checking dlfcn.h presence
configure:4177: gcc -E  conftest.c
configure:4183: $? = 0
configure:4203: result: yes
configure:4238: checking for dlfcn.h
configure:4245: result: yes
configure:4267: checking for file
configure:4322: result: /usr/bin/file
configure:4523: checking for strip
configure:4539: found /usr/bin/strip
configure:4550: result: strip
configure:4770: checking for objdir
configure:4781: result: .libs
configure:4798: checking for gcc option to produce PIC
configure:4944: result: -fPIC
configure:4948: checking if gcc PIC flag -fPIC works
configure:4971: gcc -c -g -O2 -fPIC -DPIC  conftest.c >&5
configure:4977: $? = 0
configure:4981: test -z 
			 || test ! -s conftest.err
configure:4984: $? = 0
configure:4987: test -s conftest.o
configure:4990: $? = 0
configure:5028: result: yes
configure:5044: checking if gcc static flag -static works
configure:5068: gcc -o conftest -g -O2   -static conftest.c  >&5
configure:5074: $? = 0
configure:5078: test -z 
			 || test ! -s conftest.err
configure:5081: $? = 0
configure:5084: test -s conftest
configure:5087: $? = 0
configure:5104: result: yes
configure:5116: checking if gcc supports -c -o file.o
configure:5136: gcc -c -g -O2 -o out/conftest2.o  conftest.c >&5
configure:5160: result: yes
configure:5165: checking if gcc supports -c -o file.lo
configure:5192: gcc -c -g -O2 -c -o conftest.lo  conftest.c >&5
configure:5198: $? = 0
configure:5202: test -z 
			 || test ! -s conftest.err
configure:5205: $? = 0
configure:5208: test -s conftest.lo
configure:5211: $? = 0
configure:5233: result: yes
configure:5264: checking if gcc supports -fno-rtti -fno-exceptions
configure:5286: gcc -c -g -O2 -fno-rtti -fno-exceptions -c conftest.c  conftest.c >&5
cc1: warning: command line option '-fno-rtti' is valid for C++/ObjC++ but not for C
cc1: warning: command line option '-fno-rtti' is valid for C++/ObjC++ but not for C
configure:5292: $? = 0
configure:5296: test -z 
			 || test ! -s conftest.err
configure:5299: $? = 0
configure:5302: test -s conftest.o
configure:5305: $? = 0
configure:5322: result: no
configure:5333: checking whether the linker (/usr/bin/ld) supports shared libraries
configure:6028: result: yes
configure:6033: checking how to hardcode library paths into programs
configure:6057: result: immediate
configure:6062: checking whether stripping libraries is possible
configure:6067: result: yes
configure:6078: checking dynamic linker characteristics
configure:6485: result: GNU/Linux ld.so
configure:6490: checking if libtool supports shared libraries
configure:6492: result: yes
configure:6495: checking whether to build shared libraries
configure:6516: result: no
configure:6519: checking whether to build static libraries
configure:6523: result: yes
configure:7887: checking for working void
configure:7912: gcc -c -g -O2  conftest.c >&5
configure:7918: $? = 0
configure:7922: test -z 
			 || test ! -s conftest.err
configure:7925: $? = 0
configure:7928: test -s conftest.o
configure:7931: $? = 0
configure:7944: result: yes
configure:7956: checking for working "return void"
configure:7978: gcc -c -g -O2  conftest.c >&5
configure:7984: $? = 0
configure:7988: test -z 
			 || test ! -s conftest.err
configure:7991: $? = 0
configure:7994: test -s conftest.o
configure:7997: $? = 0
configure:8010: result: yes
configure:8025: checking for ANSI C header files
configure:8043: gcc -E  conftest.c
configure:8049: $? = 0
configure:8072: result: yes
configure:8087: checking for unistd_h
configure:8092: result: yes
configure:8233: checking for getpagesize
configure:8260: gcc -o conftest -g -O2   conftest.c  >&5
configure:8266: $? = 0
configure:8270: test -z 
			 || test ! -s conftest.err
configure:8273: $? = 0
configure:8276: test -s conftest
configure:8279: $? = 0
configure:8293: result: yes
configure:8304: checking for getpagesize declaration
configure:8342: gcc -c -g -O2  conftest.c >&5
configure:8348: $? = 0
configure:8352: test -z 
			 || test ! -s conftest.err
configure:8355: $? = 0
configure:8358: test -s conftest.o
configure:8361: $? = 0
configure:8378: result: 
         extern int getpagesize (void);
configure:8540: checking for vm_allocate
configure:8562: gcc -o conftest -g -O2   conftest.c  >&5
conftest.c: In function 'main':
conftest.c:32:1: warning: implicit declaration of function 'vm_allocate' [-Wimplicit-function-declaration]
 vm_allocate(); task_self();
 ^
conftest.c:32:16: warning: implicit declaration of function 'task_self' [-Wimplicit-function-declaration]
 vm_allocate(); task_self();
                ^
/tmp/ccUbQh8U.o: In function `main':
/media/psf/Home/Documents/ATPP_GUI/ffcall-1.10/callback/trampoline_r/conftest.c:32: undefined reference to `vm_allocate'
/media/psf/Home/Documents/ATPP_GUI/ffcall-1.10/callback/trampoline_r/conftest.c:32: undefined reference to `task_self'
collect2: error: ld returned 1 exit status
configure:8568: $? = 1
configure: failed program was:
| /* confdefs.h.  */
| 
| #define PACKAGE_NAME ""
| #define PACKAGE_TARNAME ""
| #define PACKAGE_VERSION ""
| #define PACKAGE_STRING ""
| #define PACKAGE_BUGREPORT ""
| #ifndef __x86_64__
| #define __x86_64__ 1
| #endif
| #define STDC_HEADERS 1
| #define HAVE_SYS_TYPES_H 1
| #define HAVE_SYS_STAT_H 1
| #define HAVE_STDLIB_H 1
| #define HAVE_STRING_H 1
| #define HAVE_MEMORY_H 1
| #define HAVE_STRINGS_H 1
| #define HAVE_INTTYPES_H 1
| #define HAVE_STDINT_H 1
| #define HAVE_UNISTD_H 1
| #define HAVE_DLFCN_H 1
| #define return_void return
| #define STDC_HEADERS 1
| #define HAVE_UNISTD_H 1
| #define HAVE_GETPAGESIZE
| #define RETGETPAGESIZETYPE int
| /* end confdefs.h.  */
| 
| int
| main ()
| {
| vm_allocate(); task_self();
|   ;
|   return 0;
| }
configure:8595: result: no
configure:8620: checking sys/file.h usability
configure:8632: gcc -c -g -O2  conftest.c >&5
configure:8638: $? = 0
configure:8642: test -z 
			 || test ! -s conftest.err
configure:8645: $? = 0
configure:8648: test -s conftest.o
configure:8651: $? = 0
configure:8661: result: yes
configure:8665: checking sys/file.h presence
configure:8675: gcc -E  conftest.c
configure:8681: $? = 0
configure:8701: result: yes
configure:8736: checking for sys/file.h
configure:8743: result: yes
configure:8766: checking for O_RDWR in fcntl.h
configure:8788: gcc -c -g -O2  conftest.c >&5
configure:8794: $? = 0
configure:8798: test -z 
			 || test ! -s conftest.err
configure:8801: $? = 0
configure:8804: test -s conftest.o
configure:8807: $? = 0
configure:8820: result: yes
configure:8845: checking sys/mman.h usability
configure:8857: gcc -c -g -O2  conftest.c >&5
configure:8863: $? = 0
configure:8867: test -z 
			 || test ! -s conftest.err
configure:8870: $? = 0
configure:8873: test -s conftest.o
configure:8876: $? = 0
configure:8886: result: yes
configure:8890: checking sys/mman.h presence
configure:8900: gcc -E  conftest.c
configure:8906: $? = 0
configure:8926: result: yes
configure:8961: checking for sys/mman.h
configure:8968: result: yes
configure:8979: checking for mmap
configure:9036: gcc -o conftest -g -O2   conftest.c  >&5
configure:9042: $? = 0
configure:9046: test -z 
			 || test ! -s conftest.err
configure:9049: $? = 0
configure:9052: test -s conftest
configure:9055: $? = 0
configure:9067: result: yes
configure:9080: checking for working mmap
configure:9161: gcc -o conftest -g -O2   conftest.c  >&5
configure:9164: $? = 0
configure:9166: ./conftest
configure:9169: $? = 0
configure:9200: gcc -o conftest -g -O2   conftest.c  >&5
configure:9203: $? = 0
configure:9205: ./conftest
configure:9208: $? = 0
configure:9243: gcc -o conftest -g -O2   conftest.c  >&5
configure:9246: $? = 0
configure:9248: ./conftest
configure:9251: $? = 0
configure:9319: result: yes
configure:9356: checking for mprotect
configure:9413: gcc -o conftest -g -O2   conftest.c  >&5
configure:9419: $? = 0
configure:9423: test -z 
			 || test ! -s conftest.err
configure:9426: $? = 0
configure:9429: test -s conftest
configure:9432: $? = 0
configure:9444: result: yes
configure:9454: checking for working mprotect
configure:9504: gcc -o conftest -g -O2   conftest.c  >&5
configure:9507: $? = 0
configure:9509: ./conftest
configure:9512: $? = 0
configure:9546: gcc -o conftest -g -O2   conftest.c  >&5
configure:9549: $? = 0
configure:9551: ./conftest
./configure: line 9552: 17565 Segmentation fault      ./conftest$ac_exeext
configure:9554: $? = 139
configure: program exited with status 139
configure: failed program was:
| /* confdefs.h.  */
| 
| #define PACKAGE_NAME ""
| #define PACKAGE_TARNAME ""
| #define PACKAGE_VERSION ""
| #define PACKAGE_STRING ""
| #define PACKAGE_BUGREPORT ""
| #ifndef __x86_64__
| #define __x86_64__ 1
| #endif
| #define STDC_HEADERS 1
| #define HAVE_SYS_TYPES_H 1
| #define HAVE_SYS_STAT_H 1
| #define HAVE_STDLIB_H 1
| #define HAVE_STRING_H 1
| #define HAVE_MEMORY_H 1
| #define HAVE_STRINGS_H 1
| #define HAVE_INTTYPES_H 1
| #define HAVE_STDINT_H 1
| #define HAVE_UNISTD_H 1
| #define HAVE_DLFCN_H 1
| #define return_void return
| #define STDC_HEADERS 1
| #define HAVE_UNISTD_H 1
| #define HAVE_GETPAGESIZE
| #define RETGETPAGESIZETYPE int
| #define HAVE_SYS_FILE_H 1
| #define HAVE_MMAP
| #define HAVE_MMAP_ANON
| #define HAVE_MMAP_ANONYMOUS
| #define HAVE_MMAP_DEVZERO
| #define HAVE_MPROTECT 1
| /* end confdefs.h.  */
| 
| #include <sys/types.h>
| /* declare malloc() */
| #include <stdlib.h>
| #ifdef HAVE_UNISTD_H
| #include <unistd.h>
| #endif
| /* declare getpagesize() and mprotect() */
| #include <sys/mman.h>
| #ifndef HAVE_GETPAGESIZE
| #include <sys/param.h>
| #define getpagesize() PAGESIZE
| #else
| extern
| #ifdef __cplusplus
| "C"
| #endif
| 
| #if defined(__STDC__) || defined(__cplusplus)
| RETGETPAGESIZETYPE getpagesize (void);
| #else
| RETGETPAGESIZETYPE getpagesize();
| #endif
| #endif
| char foo;
| int main () {
|   unsigned long pagesize = getpagesize();
| #define page_align(address)  (char*)((unsigned long)(address) & -pagesize)
| 
|   char* area = (char*) malloc(6*pagesize);
|   char* fault_address = area + pagesize*7/2;
| 
|   if (mprotect(page_align(fault_address),pagesize,PROT_NONE) < 0) exit(0);
|   foo = *fault_address; /* this should cause a core dump */
|   exit(0); }
configure:9585: gcc -o conftest -g -O2   conftest.c  >&5
configure:9588: $? = 0
configure:9590: ./conftest
./configure: line 9591: 17585 Segmentation fault      ./conftest$ac_exeext
configure:9593: $? = 139
configure: program exited with status 139
configure: failed program was:
| /* confdefs.h.  */
| 
| #define PACKAGE_NAME ""
| #define PACKAGE_TARNAME ""
| #define PACKAGE_VERSION ""
| #define PACKAGE_STRING ""
| #define PACKAGE_BUGREPORT ""
| #ifndef __x86_64__
| #define __x86_64__ 1
| #endif
| #define STDC_HEADERS 1
| #define HAVE_SYS_TYPES_H 1
| #define HAVE_SYS_STAT_H 1
| #define HAVE_STDLIB_H 1
| #define HAVE_STRING_H 1
| #define HAVE_MEMORY_H 1
| #define HAVE_STRINGS_H 1
| #define HAVE_INTTYPES_H 1
| #define HAVE_STDINT_H 1
| #define HAVE_UNISTD_H 1
| #define HAVE_DLFCN_H 1
| #define return_void return
| #define STDC_HEADERS 1
| #define HAVE_UNISTD_H 1
| #define HAVE_GETPAGESIZE
| #define RETGETPAGESIZETYPE int
| #define HAVE_SYS_FILE_H 1
| #define HAVE_MMAP
| #define HAVE_MMAP_ANON
| #define HAVE_MMAP_ANONYMOUS
| #define HAVE_MMAP_DEVZERO
| #define HAVE_MPROTECT 1
| /* end confdefs.h.  */
| 
| #include <sys/types.h>
| /* declare malloc() */
| #include <stdlib.h>
| #ifdef HAVE_UNISTD_H
| #include <unistd.h>
| #endif
| /* declare getpagesize() and mprotect() */
| #include <sys/mman.h>
| #ifndef HAVE_GETPAGESIZE
| #include <sys/param.h>
| #define getpagesize() PAGESIZE
| #else
| extern
| #ifdef __cplusplus
| "C"
| #endif
| 
| #if defined(__STDC__) || defined(__cplusplus)
| RETGETPAGESIZETYPE getpagesize (void);
| #else
| RETGETPAGESIZETYPE getpagesize();
| #endif
| #endif
| char foo;
| int main () {
|   unsigned long pagesize = getpagesize();
| #define page_align(address)  (char*)((unsigned long)(address) & -pagesize)
| 
|   char* area = (char*) malloc(6*pagesize);
|   char* fault_address = area + pagesize*7/2;
| 
|   if (mprotect(page_align(fault_address),pagesize,PROT_NONE) < 0) exit(0);
|   *fault_address = 'z'; /* this should cause a core dump */
|   exit(0); }
configure:9624: gcc -o conftest -g -O2   conftest.c  >&5
configure:9627: $? = 0
configure:9629: ./conftest
./configure: line 9630: 17605 Segmentation fault      ./conftest$ac_exeext
configure:9632: $? = 139
configure: program exited with status 139
configure: failed program was:
| /* confdefs.h.  */
| 
| #define PACKAGE_NAME ""
| #define PACKAGE_TARNAME ""
| #define PACKAGE_VERSION ""
| #define PACKAGE_STRING ""
| #define PACKAGE_BUGREPORT ""
| #ifndef __x86_64__
| #define __x86_64__ 1
| #endif
| #define STDC_HEADERS 1
| #define HAVE_SYS_TYPES_H 1
| #define HAVE_SYS_STAT_H 1
| #define HAVE_STDLIB_H 1
| #define HAVE_STRING_H 1
| #define HAVE_MEMORY_H 1
| #define HAVE_STRINGS_H 1
| #define HAVE_INTTYPES_H 1
| #define HAVE_STDINT_H 1
| #define HAVE_UNISTD_H 1
| #define HAVE_DLFCN_H 1
| #define return_void return
| #define STDC_HEADERS 1
| #define HAVE_UNISTD_H 1
| #define HAVE_GETPAGESIZE
| #define RETGETPAGESIZETYPE int
| #define HAVE_SYS_FILE_H 1
| #define HAVE_MMAP
| #define HAVE_MMAP_ANON
| #define HAVE_MMAP_ANONYMOUS
| #define HAVE_MMAP_DEVZERO
| #define HAVE_MPROTECT 1
| /* end confdefs.h.  */
| 
| #include <sys/types.h>
| /* declare malloc() */
| #include <stdlib.h>
| #ifdef HAVE_UNISTD_H
| #include <unistd.h>
| #endif
| /* declare getpagesize() and mprotect() */
| #include <sys/mman.h>
| #ifndef HAVE_GETPAGESIZE
| #include <sys/param.h>
| #define getpagesize() PAGESIZE
| #else
| extern
| #ifdef __cplusplus
| "C"
| #endif
| 
| #if defined(__STDC__) || defined(__cplusplus)
| RETGETPAGESIZETYPE getpagesize (void);
| #else
| RETGETPAGESIZETYPE getpagesize();
| #endif
| #endif
| char foo;
| int main () {
|   unsigned long pagesize = getpagesize();
| #define page_align(address)  (char*)((unsigned long)(address) & -pagesize)
| 
|   char* area = (char*) malloc(6*pagesize);
|   char* fault_address = area + pagesize*7/2;
| 
|   if (mprotect(page_align(fault_address),pagesize,PROT_READ) < 0) exit(0);
|   *fault_address = 'z'; /* this should cause a core dump */
|   exit(0); }
configure:9664: gcc -o conftest -g -O2   conftest.c  >&5
configure:9667: $? = 0
configure:9669: ./conftest
configure:9672: $? = 0
configure:9694: result: yes
configure:9719: checking sys/shm.h usability
configure:9731: gcc -c -g -O2  conftest.c >&5
configure:9737: $? = 0
configure:9741: test -z 
			 || test ! -s conftest.err
configure:9744: $? = 0
configure:9747: test -s conftest.o
configure:9750: $? = 0
configure:9760: result: yes
configure:9764: checking sys/shm.h presence
configure:9774: gcc -E  conftest.c
configure:9780: $? = 0
configure:9800: result: yes
configure:9835: checking for sys/shm.h
configure:9842: result: yes
configure:9870: checking sys/ipc.h usability
configure:9882: gcc -c -g -O2  conftest.c >&5
configure:9888: $? = 0
configure:9892: test -z 
			 || test ! -s conftest.err
configure:9895: $? = 0
configure:9898: test -s conftest.o
configure:9901: $? = 0
configure:9911: result: yes
configure:9915: checking sys/ipc.h presence
configure:9925: gcc -E  conftest.c
configure:9931: $? = 0
configure:9951: result: yes
configure:9986: checking for sys/ipc.h
configure:9993: result: yes
configure:10010: checking for working shared memory
configure:10044: gcc -o conftest -g -O2   conftest.c  >&5
conftest.c: In function 'main':
conftest.c:46:55: warning: implicit declaration of function 'exit' [-Wimplicit-function-declaration]
   if ((shmid = shmget(IPC_PRIVATE,segsize,0400)) < 0) exit(1);
                                                       ^
conftest.c:46:55: warning: incompatible implicit declaration of built-in function 'exit'
conftest.c:46:55: note: include '<stdlib.h>' or provide a declaration of 'exit'
conftest.c:52:3: warning: incompatible implicit declaration of built-in function 'exit'
   exit(result == (char*)(-1));
   ^
conftest.c:52:3: note: include '<stdlib.h>' or provide a declaration of 'exit'
configure:10047: $? = 0
configure:10049: ./conftest
configure:10052: $? = 0
configure:10067: result: yes
configure:10091: checking sys/sysmacros.h usability
configure:10103: gcc -c -g -O2  conftest.c >&5
configure:10109: $? = 0
configure:10113: test -z 
			 || test ! -s conftest.err
configure:10116: $? = 0
configure:10119: test -s conftest.o
configure:10122: $? = 0
configure:10132: result: yes
configure:10136: checking sys/sysmacros.h presence
configure:10146: gcc -E  conftest.c
configure:10152: $? = 0
configure:10172: result: yes
configure:10207: checking for sys/sysmacros.h
configure:10214: result: yes
configure:10231: checking whether code in malloc'ed memory is executable
configure:10267: gcc -o conftest -g -O2   conftest.c  >&5
configure:10270: $? = 0
configure:10272: ./conftest
./configure: line 10273: 17796 Segmentation fault      ./conftest$ac_exeext
configure:10275: $? = 139
configure: program exited with status 139
configure: failed program was:
| /* confdefs.h.  */
| 
| #define PACKAGE_NAME ""
| #define PACKAGE_TARNAME ""
| #define PACKAGE_VERSION ""
| #define PACKAGE_STRING ""
| #define PACKAGE_BUGREPORT ""
| #ifndef __x86_64__
| #define __x86_64__ 1
| #endif
| #define STDC_HEADERS 1
| #define HAVE_SYS_TYPES_H 1
| #define HAVE_SYS_STAT_H 1
| #define HAVE_STDLIB_H 1
| #define HAVE_STRING_H 1
| #define HAVE_MEMORY_H 1
| #define HAVE_STRINGS_H 1
| #define HAVE_INTTYPES_H 1
| #define HAVE_STDINT_H 1
| #define HAVE_UNISTD_H 1
| #define HAVE_DLFCN_H 1
| #define return_void return
| #define STDC_HEADERS 1
| #define HAVE_UNISTD_H 1
| #define HAVE_GETPAGESIZE
| #define RETGETPAGESIZETYPE int
| #define HAVE_SYS_FILE_H 1
| #define HAVE_MMAP
| #define HAVE_MMAP_ANON
| #define HAVE_MMAP_ANONYMOUS
| #define HAVE_MMAP_DEVZERO
| #define HAVE_MPROTECT 1
| #define HAVE_WORKING_MPROTECT
| #define HAVE_SYS_SHM_H 1
| #define HAVE_SYS_IPC_H 1
| #define HAVE_SHM
| #define HAVE_SYS_SYSMACROS_H 1
| /* end confdefs.h.  */
| 
| #include <sys/types.h>
| /* declare malloc() */
| #include <stdlib.h>
| int fun () { return 31415926; }
| int main ()
| { long size = (char*)&main - (char*)&fun;
|   char* funcopy = (char*) malloc(size);
|   int i;
|   for (i = 0; i < size; i++) { funcopy[i] = ((char*)&fun)[i]; }
|   exit(!((*(int(*)())funcopy)() == 31415926));
| }
configure:10295: result: no
configure:10725: creating ./config.status

## ---------------------- ##
## Running config.status. ##
## ---------------------- ##

This file was extended by config.status, which was
generated by GNU Autoconf 2.59.  Invocation command line was

  CONFIG_FILES    = 
  CONFIG_HEADERS  = 
  CONFIG_LINKS    = 
  CONFIG_COMMANDS = 
  $ ./config.status 

on haililihai-MintLinux

config.status:666: creating Makefile
config.status:769: creating config.h

## ---------------- ##
## Cache variables. ##
## ---------------- ##

ac_cv_build=x86_64-unknown-linux-gnu
ac_cv_build_alias=x86_64-unknown-linux-gnu
ac_cv_c_compiler_gnu=yes
ac_cv_env_CC_set=
ac_cv_env_CC_value=
ac_cv_env_CFLAGS_set=
ac_cv_env_CFLAGS_value=
ac_cv_env_CPPFLAGS_set=
ac_cv_env_CPPFLAGS_value=
ac_cv_env_CPP_set=
ac_cv_env_CPP_value=
ac_cv_env_LDFLAGS_set=
ac_cv_env_LDFLAGS_value=
ac_cv_env_build_alias_set=
ac_cv_env_build_alias_value=
ac_cv_env_host_alias_set=
ac_cv_env_host_alias_value=
ac_cv_env_target_alias_set=
ac_cv_env_target_alias_value=
ac_cv_exeext=
ac_cv_func_mmap=yes
ac_cv_func_mprotect=yes
ac_cv_header_dlfcn_h=yes
ac_cv_header_inttypes_h=yes
ac_cv_header_memory_h=yes
ac_cv_header_stdc=yes
ac_cv_header_stdint_h=yes
ac_cv_header_stdlib_h=yes
ac_cv_header_string_h=yes
ac_cv_header_strings_h=yes
ac_cv_header_sys_file_h=yes
ac_cv_header_sys_ipc_h=yes
ac_cv_header_sys_mman_h=yes
ac_cv_header_sys_shm_h=yes
ac_cv_header_sys_stat_h=yes
ac_cv_header_sys_sysmacros_h=yes
ac_cv_header_sys_types_h=yes
ac_cv_header_unistd_h=yes
ac_cv_host=x86_64-unknown-linux-gnu
ac_cv_host_alias=x86_64-unknown-linux-gnu
ac_cv_objext=o
ac_cv_prog_CPP='gcc -E'
ac_cv_prog_RANLIB=ranlib
ac_cv_prog_ac_ct_CC=gcc
ac_cv_prog_ac_ct_STRIP=strip
ac_cv_prog_cc_g=yes
ac_cv_prog_cc_stdc=
ac_cv_prog_egrep='grep -E'
ac_cv_prog_gcc_traditional=no
ac_cv_prog_make_make_set=yes
cl_cv_c_return_void=yes
cl_cv_c_return_void_form=return
cl_cv_c_void=yes
cl_cv_codeexec=no
cl_cv_decl_O_RDWR_fcntl_h=yes
cl_cv_func_getpagesize=yes
cl_cv_func_mmap_anon=yes
cl_cv_func_mmap_anonymous=yes
cl_cv_func_mmap_devzero=yes
cl_cv_func_mmap_works=yes
cl_cv_func_mprotect_works=yes
cl_cv_func_vm=no
cl_cv_header_stdc=yes
cl_cv_path_install='/usr/bin/install -c'
cl_cv_prog_LN='cp -p'
cl_cv_prog_LN_S='ln -s'
cl_cv_prog_as_underscore=no
cl_cv_prog_cc_gcc=yes
cl_cv_prog_cp='cp -p'
cl_cv_proto_getpagesize='extern int getpagesize (void);'
cl_cv_proto_getpagesize_ret=int
cl_cv_sys_shm_works=yes
lt_cv_compiler_c_o=yes
lt_cv_compiler_o_lo=yes
lt_cv_deplibs_check_method='file_magic ELF [0-9][0-9]*-bit [LM]SB (shared object|dynamic lib )'
lt_cv_file_magic_cmd='$MAGIC_CMD'
lt_cv_file_magic_test_file='/lib/libc.so* /lib/libc-*.so'
lt_cv_global_symbol_to_c_name_address='sed -n -e '\''s/^: \([^ ]*\) $/  {\"\1\", (lt_ptr) 0},/p'\'' -e '\''s/^[BCDEGRST] \([^ ]*\) \([^ ]*\)$/  {"\2", (lt_ptr) \&\2},/p'\'''
lt_cv_global_symbol_to_cdecl='sed -n -e '\''s/^. .* \(.*\)$/extern char \1;/p'\'''
lt_cv_ld_reload_flag=-r
lt_cv_path_LD=/usr/bin/ld
lt_cv_path_MAGIC_CMD=/usr/bin/file
lt_cv_path_NM='/usr/bin/nm -B'
lt_cv_path_SED=/bin/sed
lt_cv_prog_cc_can_build_shared=yes
lt_cv_prog_cc_no_builtin=
lt_cv_prog_cc_pic=' -fPIC'
lt_cv_prog_cc_pic_works=yes
lt_cv_prog_cc_shlib=
lt_cv_prog_cc_static=-static
lt_cv_prog_cc_static_works=yes
lt_cv_prog_cc_wl=-Wl,
lt_cv_prog_gnu_ld=yes
lt_cv_sys_global_symbol_pipe='sed -n -e '\''s/^.*[ 	]\([ABCDGISTW][ABCDGISTW]*\)[ 	][ 	]*\(\)\([_A-Za-z][_A-Za-z0-9]*\)$/\1 \2\3 \3/p'\'''

## ----------------- ##
## Output variables. ##
## ----------------- ##

AS_UNDERSCORE='false'
CC='gcc'
CC_GCC='true'
CFLAGS='-g -O2'
CP='cp -p'
CPP='gcc -E'
CPPFLAGS=''
CPU_OBJECTS=''
DEFS='-DHAVE_CONFIG_H'
ECHO='echo'
ECHO_C=''
ECHO_N='-n'
ECHO_T=''
EGREP='grep -E'
EXEEXT=''
GCC_X_NONE='-x none'
INSTALL='/usr/bin/install -c'
INSTALL_DATA='$(INSTALL) -m 644'
INSTALL_PROGRAM='$(INSTALL)'
LDFLAGS=''
LIBOBJS=''
LIBS=''
LIBTOOL='$(SHELL) $(top_builddir)/libtool'
LN='cp -p'
LN_S='ln -s'
LTLIBOBJS=''
OBJEXT='o'
PACKAGE_BUGREPORT=''
PACKAGE_NAME=''
PACKAGE_STRING=''
PACKAGE_TARNAME=''
PACKAGE_VERSION=''
PATH_SEPARATOR=':'
RANLIB='ranlib'
SET_MAKE=''
SHELL='/bin/bash'
STRIP='strip'
ac_ct_CC='gcc'
ac_ct_RANLIB=''
ac_ct_STRIP='strip'
bindir='${exec_prefix}/bin'
build='x86_64-unknown-linux-gnu'
build_alias=''
build_cpu='x86_64'
build_os='linux-gnu'
build_vendor='unknown'
datadir='${prefix}/share'
exec_prefix='${prefix}'
host='x86_64-unknown-linux-gnu'
host_alias=''
host_cpu='x86_64'
host_os='linux-gnu'
host_vendor='unknown'
includedir='${prefix}/include'
infodir='${prefix}/info'
libdir='${exec_prefix}/lib'
libexecdir='${exec_prefix}/libexec'
localstatedir='${prefix}/var'
mandir='${prefix}/man'
oldincludedir='/usr/include'
prefix='/usr/local'
program_transform_name='s,x,x,'
sbindir='${exec_prefix}/sbin'
sharedstatedir='${prefix}/com'
sysconfdir='${prefix}/etc'
target_alias=''

## ----------- ##
## confdefs.h. ##
## ----------- ##

#define HAVE_DLFCN_H 1
#define HAVE_GETPAGESIZE
#define HAVE_INTTYPES_H 1
#define HAVE_MEMORY_H 1
#define HAVE_MMAP
#define HAVE_MMAP_ANON
#define HAVE_MMAP_ANONYMOUS
#define HAVE_MMAP_DEVZERO
#define HAVE_MPROTECT 1
#define HAVE_SHM
#define HAVE_STDINT_H 1
#define HAVE_STDLIB_H 1
#define HAVE_STRINGS_H 1
#define HAVE_STRING_H 1
#define HAVE_SYS_FILE_H 1
#define HAVE_SYS_IPC_H 1
#define HAVE_SYS_SHM_H 1
#define HAVE_SYS_STAT_H 1
#define HAVE_SYS_SYSMACROS_H 1
#define HAVE_SYS_TYPES_H 1
#define HAVE_UNISTD_H 1
#define HAVE_UNISTD_H 1
#define HAVE_WORKING_MPROTECT
#define PACKAGE_BUGREPORT ""
#define PACKAGE_NAME ""
#define PACKAGE_STRING ""
#define PACKAGE_TARNAME ""
#define PACKAGE_VERSION ""
#define RETGETPAGESIZETYPE int
#define STDC_HEADERS 1
#define STDC_HEADERS 1
#define __x86_64__ 1
#define return_void return
#endif
#ifndef __x86_64__

configure: exit 0
